2017-10-09 12:04:09,766 [Worker-1] INFO  o.e.m.c.i.l.LifecycleMappingFactory - Using org.eclipse.m2e.jdt.JarLifecycleMapping lifecycle mapping for MavenProject: com.dasyel:kafka_producer:0.0.1-SNAPSHOT @ C:\Spring-boot\kafka_blogpost-master-489be900799c88f1ad9bd71d0587006211cc2411\kafka_producer\pom.xml.
2017-10-09 12:04:10,181 [Worker-1] INFO  o.e.m.c.i.e.AbstractTransferListenerAdapter - Downloading https://repo.maven.apache.org/maven2/org/springframework/cloud/spring-cloud-stream-binder-kafka/1.2.0.RELEASE/spring-cloud-stream-binder-kafka-1.2.0.RELEASE.pom
2017-10-09 12:04:10,268 [Worker-1] INFO  o.e.m.c.i.e.AbstractTransferListenerAdapter - Downloaded https://repo.maven.apache.org/maven2/org/springframework/cloud/spring-cloud-stream-binder-kafka/1.2.0.RELEASE/spring-cloud-stream-binder-kafka-1.2.0.RELEASE.pom
2017-10-09 12:04:10,309 [Worker-1] INFO  o.e.m.c.i.e.AbstractTransferListenerAdapter - Downloading https://repo.maven.apache.org/maven2/org/springframework/cloud/spring-cloud-stream-binder-kafka-parent/1.2.0.RELEASE/spring-cloud-stream-binder-kafka-parent-1.2.0.RELEASE.pom
2017-10-09 12:04:10,362 [Worker-1] INFO  o.e.m.c.i.e.AbstractTransferListenerAdapter - Downloaded https://repo.maven.apache.org/maven2/org/springframework/cloud/spring-cloud-stream-binder-kafka-parent/1.2.0.RELEASE/spring-cloud-stream-binder-kafka-parent-1.2.0.RELEASE.pom
2017-10-09 12:04:10,494 [Worker-1] INFO  o.e.m.c.i.e.AbstractTransferListenerAdapter - Downloading https://repo.maven.apache.org/maven2/org/springframework/cloud/spring-cloud-stream-binder-kafka-core/1.2.0.RELEASE/spring-cloud-stream-binder-kafka-core-1.2.0.RELEASE.pom
2017-10-09 12:04:10,546 [Worker-1] INFO  o.e.m.c.i.e.AbstractTransferListenerAdapter - Downloaded https://repo.maven.apache.org/maven2/org/springframework/cloud/spring-cloud-stream-binder-kafka-core/1.2.0.RELEASE/spring-cloud-stream-binder-kafka-core-1.2.0.RELEASE.pom
2017-10-09 12:04:14,893 [Worker-1] INFO  o.e.m.c.i.e.AbstractTransferListenerAdapter - Downloading https://repo.maven.apache.org/maven2/org/apache/kafka/kafka-clients/0.10.1.1/kafka-clients-0.10.1.1.pom
2017-10-09 12:04:14,953 [Worker-1] INFO  o.e.m.c.i.e.AbstractTransferListenerAdapter - Downloaded https://repo.maven.apache.org/maven2/org/apache/kafka/kafka-clients/0.10.1.1/kafka-clients-0.10.1.1.pom
2017-10-09 12:04:15,015 [Worker-1] INFO  o.e.m.c.i.e.AbstractTransferListenerAdapter - Downloading https://repo.maven.apache.org/maven2/net/jpountz/lz4/lz4/1.3.0/lz4-1.3.0.pom
2017-10-09 12:04:15,099 [Worker-1] INFO  o.e.m.c.i.e.AbstractTransferListenerAdapter - Downloaded https://repo.maven.apache.org/maven2/net/jpountz/lz4/lz4/1.3.0/lz4-1.3.0.pom
2017-10-09 12:04:15,140 [Worker-1] INFO  o.e.m.c.i.e.AbstractTransferListenerAdapter - Downloading https://repo.maven.apache.org/maven2/org/xerial/snappy/snappy-java/1.1.2.6/snappy-java-1.1.2.6.pom
2017-10-09 12:04:15,214 [Worker-1] INFO  o.e.m.c.i.e.AbstractTransferListenerAdapter - Downloaded https://repo.maven.apache.org/maven2/org/xerial/snappy/snappy-java/1.1.2.6/snappy-java-1.1.2.6.pom
2017-10-09 12:04:15,256 [Worker-1] INFO  o.e.m.c.i.e.AbstractTransferListenerAdapter - Downloading https://repo.maven.apache.org/maven2/org/apache/kafka/kafka_2.11/0.10.1.1/kafka_2.11-0.10.1.1.pom
2017-10-09 12:04:15,293 [Worker-1] INFO  o.e.m.c.i.e.AbstractTransferListenerAdapter - Downloaded https://repo.maven.apache.org/maven2/org/apache/kafka/kafka_2.11/0.10.1.1/kafka_2.11-0.10.1.1.pom
2017-10-09 12:04:15,390 [Worker-1] INFO  o.e.m.c.i.e.AbstractTransferListenerAdapter - Downloading https://repo.maven.apache.org/maven2/net/sf/jopt-simple/jopt-simple/4.9/jopt-simple-4.9.pom
2017-10-09 12:04:15,449 [Worker-1] INFO  o.e.m.c.i.e.AbstractTransferListenerAdapter - Downloaded https://repo.maven.apache.org/maven2/net/sf/jopt-simple/jopt-simple/4.9/jopt-simple-4.9.pom
2017-10-09 12:04:15,490 [Worker-1] INFO  o.e.m.c.i.e.AbstractTransferListenerAdapter - Downloading https://repo.maven.apache.org/maven2/com/yammer/metrics/metrics-core/2.2.0/metrics-core-2.2.0.pom
2017-10-09 12:04:15,528 [Worker-1] INFO  o.e.m.c.i.e.AbstractTransferListenerAdapter - Downloaded https://repo.maven.apache.org/maven2/com/yammer/metrics/metrics-core/2.2.0/metrics-core-2.2.0.pom
2017-10-09 12:04:15,563 [Worker-1] INFO  o.e.m.c.i.e.AbstractTransferListenerAdapter - Downloading https://repo.maven.apache.org/maven2/com/yammer/metrics/metrics-parent/2.2.0/metrics-parent-2.2.0.pom
2017-10-09 12:04:15,625 [Worker-1] INFO  o.e.m.c.i.e.AbstractTransferListenerAdapter - Downloaded https://repo.maven.apache.org/maven2/com/yammer/metrics/metrics-parent/2.2.0/metrics-parent-2.2.0.pom
2017-10-09 12:04:15,707 [Worker-1] INFO  o.e.m.c.i.e.AbstractTransferListenerAdapter - Downloading https://repo.maven.apache.org/maven2/org/scala-lang/scala-library/2.11.8/scala-library-2.11.8.pom
2017-10-09 12:04:15,774 [Worker-1] INFO  o.e.m.c.i.e.AbstractTransferListenerAdapter - Downloaded https://repo.maven.apache.org/maven2/org/scala-lang/scala-library/2.11.8/scala-library-2.11.8.pom
2017-10-09 12:04:15,835 [Worker-1] INFO  o.e.m.c.i.e.AbstractTransferListenerAdapter - Downloading https://repo.maven.apache.org/maven2/com/101tec/zkclient/0.9/zkclient-0.9.pom
2017-10-09 12:04:15,877 [Worker-1] INFO  o.e.m.c.i.e.AbstractTransferListenerAdapter - Downloaded https://repo.maven.apache.org/maven2/com/101tec/zkclient/0.9/zkclient-0.9.pom
2017-10-09 12:04:15,917 [Worker-1] INFO  o.e.m.c.i.e.AbstractTransferListenerAdapter - Downloading https://repo.maven.apache.org/maven2/org/apache/zookeeper/zookeeper/3.4.8/zookeeper-3.4.8.pom
2017-10-09 12:04:15,943 [Worker-1] INFO  o.e.m.c.i.e.AbstractTransferListenerAdapter - Downloaded https://repo.maven.apache.org/maven2/org/apache/zookeeper/zookeeper/3.4.8/zookeeper-3.4.8.pom
2017-10-09 12:04:16,023 [Worker-1] INFO  o.e.m.c.i.e.AbstractTransferListenerAdapter - Downloading https://repo.maven.apache.org/maven2/io/netty/netty/3.7.0.Final/netty-3.7.0.Final.pom
2017-10-09 12:04:16,193 [Worker-1] INFO  o.e.m.c.i.e.AbstractTransferListenerAdapter - Downloaded https://repo.maven.apache.org/maven2/io/netty/netty/3.7.0.Final/netty-3.7.0.Final.pom
2017-10-09 12:04:16,234 [Worker-1] INFO  o.e.m.c.i.e.AbstractTransferListenerAdapter - Downloading https://repo.maven.apache.org/maven2/org/scala-lang/modules/scala-parser-combinators_2.11/1.0.4/scala-parser-combinators_2.11-1.0.4.pom
2017-10-09 12:04:16,271 [Worker-1] INFO  o.e.m.c.i.e.AbstractTransferListenerAdapter - Downloaded https://repo.maven.apache.org/maven2/org/scala-lang/modules/scala-parser-combinators_2.11/1.0.4/scala-parser-combinators_2.11-1.0.4.pom
2017-10-09 12:04:16,305 [Worker-1] INFO  o.e.m.c.i.e.AbstractTransferListenerAdapter - Downloading https://repo.maven.apache.org/maven2/org/scala-lang/scala-library/2.11.6/scala-library-2.11.6.pom
2017-10-09 12:04:16,342 [Worker-1] INFO  o.e.m.c.i.e.AbstractTransferListenerAdapter - Downloaded https://repo.maven.apache.org/maven2/org/scala-lang/scala-library/2.11.6/scala-library-2.11.6.pom
2017-10-09 12:04:16,379 [Worker-1] INFO  o.e.m.c.i.e.AbstractTransferListenerAdapter - Downloading https://repo.maven.apache.org/maven2/org/springframework/integration/spring-integration-kafka/2.1.0.RELEASE/spring-integration-kafka-2.1.0.RELEASE.pom
2017-10-09 12:04:16,404 [Worker-1] INFO  o.e.m.c.i.e.AbstractTransferListenerAdapter - Downloaded https://repo.maven.apache.org/maven2/org/springframework/integration/spring-integration-kafka/2.1.0.RELEASE/spring-integration-kafka-2.1.0.RELEASE.pom
2017-10-09 12:04:16,442 [Worker-1] INFO  o.e.m.c.i.e.AbstractTransferListenerAdapter - Downloading https://repo.maven.apache.org/maven2/org/springframework/kafka/spring-kafka/1.1.3.RELEASE/spring-kafka-1.1.3.RELEASE.pom
2017-10-09 12:04:16,479 [Worker-1] INFO  o.e.m.c.i.e.AbstractTransferListenerAdapter - Downloaded https://repo.maven.apache.org/maven2/org/springframework/kafka/spring-kafka/1.1.3.RELEASE/spring-kafka-1.1.3.RELEASE.pom
2017-10-09 12:04:17,979 [Worker-1] INFO  o.e.m.c.i.e.AbstractTransferListenerAdapter - Downloading https://repo.maven.apache.org/maven2/org/springframework/cloud/spring-cloud-stream-binder-kafka/1.2.0.RELEASE/spring-cloud-stream-binder-kafka-1.2.0.RELEASE.jar
2017-10-09 12:04:18,195 [Worker-1] INFO  o.e.m.c.i.e.AbstractTransferListenerAdapter - Downloaded https://repo.maven.apache.org/maven2/org/springframework/cloud/spring-cloud-stream-binder-kafka/1.2.0.RELEASE/spring-cloud-stream-binder-kafka-1.2.0.RELEASE.jar
2017-10-09 12:04:18,206 [Worker-1] INFO  o.e.m.c.i.e.AbstractTransferListenerAdapter - Downloading https://repo.maven.apache.org/maven2/org/springframework/cloud/spring-cloud-stream-binder-kafka-core/1.2.0.RELEASE/spring-cloud-stream-binder-kafka-core-1.2.0.RELEASE.jar
2017-10-09 12:04:18,382 [Worker-1] INFO  o.e.m.c.i.e.AbstractTransferListenerAdapter - Downloaded https://repo.maven.apache.org/maven2/org/springframework/cloud/spring-cloud-stream-binder-kafka-core/1.2.0.RELEASE/spring-cloud-stream-binder-kafka-core-1.2.0.RELEASE.jar
2017-10-09 12:04:18,398 [Worker-1] INFO  o.e.m.c.i.e.AbstractTransferListenerAdapter - Downloading https://repo.maven.apache.org/maven2/org/apache/kafka/kafka_2.11/0.10.1.1/kafka_2.11-0.10.1.1.jar
2017-10-09 12:04:20,815 [Worker-1] INFO  o.e.m.c.i.e.AbstractTransferListenerAdapter - Downloaded https://repo.maven.apache.org/maven2/org/apache/kafka/kafka_2.11/0.10.1.1/kafka_2.11-0.10.1.1.jar
2017-10-09 12:04:20,840 [Worker-1] INFO  o.e.m.c.i.e.AbstractTransferListenerAdapter - Downloading https://repo.maven.apache.org/maven2/net/sf/jopt-simple/jopt-simple/4.9/jopt-simple-4.9.jar
2017-10-09 12:04:20,881 [Worker-1] INFO  o.e.m.c.i.e.AbstractTransferListenerAdapter - Downloaded https://repo.maven.apache.org/maven2/net/sf/jopt-simple/jopt-simple/4.9/jopt-simple-4.9.jar
2017-10-09 12:04:20,901 [Worker-1] INFO  o.e.m.c.i.e.AbstractTransferListenerAdapter - Downloading https://repo.maven.apache.org/maven2/com/yammer/metrics/metrics-core/2.2.0/metrics-core-2.2.0.jar
2017-10-09 12:04:20,940 [Worker-1] INFO  o.e.m.c.i.e.AbstractTransferListenerAdapter - Downloaded https://repo.maven.apache.org/maven2/com/yammer/metrics/metrics-core/2.2.0/metrics-core-2.2.0.jar
2017-10-09 12:04:20,951 [Worker-1] INFO  o.e.m.c.i.e.AbstractTransferListenerAdapter - Downloading https://repo.maven.apache.org/maven2/org/scala-lang/scala-library/2.11.8/scala-library-2.11.8.jar
2017-10-09 12:04:22,664 [Worker-1] INFO  o.e.m.c.i.e.AbstractTransferListenerAdapter - Downloaded https://repo.maven.apache.org/maven2/org/scala-lang/scala-library/2.11.8/scala-library-2.11.8.jar
2017-10-09 12:04:22,680 [Worker-1] INFO  o.e.m.c.i.e.AbstractTransferListenerAdapter - Downloading https://repo.maven.apache.org/maven2/com/101tec/zkclient/0.9/zkclient-0.9.jar
2017-10-09 12:04:22,724 [Worker-1] INFO  o.e.m.c.i.e.AbstractTransferListenerAdapter - Downloaded https://repo.maven.apache.org/maven2/com/101tec/zkclient/0.9/zkclient-0.9.jar
2017-10-09 12:04:22,736 [Worker-1] INFO  o.e.m.c.i.e.AbstractTransferListenerAdapter - Downloading https://repo.maven.apache.org/maven2/org/apache/zookeeper/zookeeper/3.4.8/zookeeper-3.4.8.jar
2017-10-09 12:04:23,011 [Worker-1] INFO  o.e.m.c.i.e.AbstractTransferListenerAdapter - Downloaded https://repo.maven.apache.org/maven2/org/apache/zookeeper/zookeeper/3.4.8/zookeeper-3.4.8.jar
2017-10-09 12:04:23,026 [Worker-1] INFO  o.e.m.c.i.e.AbstractTransferListenerAdapter - Downloading https://repo.maven.apache.org/maven2/io/netty/netty/3.7.0.Final/netty-3.7.0.Final.jar
2017-10-09 12:04:23,338 [Worker-1] INFO  o.e.m.c.i.e.AbstractTransferListenerAdapter - Downloaded https://repo.maven.apache.org/maven2/io/netty/netty/3.7.0.Final/netty-3.7.0.Final.jar
2017-10-09 12:04:23,352 [Worker-1] INFO  o.e.m.c.i.e.AbstractTransferListenerAdapter - Downloading https://repo.maven.apache.org/maven2/org/scala-lang/modules/scala-parser-combinators_2.11/1.0.4/scala-parser-combinators_2.11-1.0.4.jar
2017-10-09 12:04:23,439 [Worker-1] INFO  o.e.m.c.i.e.AbstractTransferListenerAdapter - Downloaded https://repo.maven.apache.org/maven2/org/scala-lang/modules/scala-parser-combinators_2.11/1.0.4/scala-parser-combinators_2.11-1.0.4.jar
2017-10-09 12:04:23,456 [Worker-1] INFO  o.e.m.c.i.e.AbstractTransferListenerAdapter - Downloading https://repo.maven.apache.org/maven2/org/apache/kafka/kafka-clients/0.10.1.1/kafka-clients-0.10.1.1.jar
2017-10-09 12:04:23,643 [Worker-1] INFO  o.e.m.c.i.e.AbstractTransferListenerAdapter - Downloaded https://repo.maven.apache.org/maven2/org/apache/kafka/kafka-clients/0.10.1.1/kafka-clients-0.10.1.1.jar
2017-10-09 12:04:23,657 [Worker-1] INFO  o.e.m.c.i.e.AbstractTransferListenerAdapter - Downloading https://repo.maven.apache.org/maven2/net/jpountz/lz4/lz4/1.3.0/lz4-1.3.0.jar
2017-10-09 12:04:23,730 [Worker-1] INFO  o.e.m.c.i.e.AbstractTransferListenerAdapter - Downloaded https://repo.maven.apache.org/maven2/net/jpountz/lz4/lz4/1.3.0/lz4-1.3.0.jar
2017-10-09 12:04:23,741 [Worker-1] INFO  o.e.m.c.i.e.AbstractTransferListenerAdapter - Downloading https://repo.maven.apache.org/maven2/org/xerial/snappy/snappy-java/1.1.2.6/snappy-java-1.1.2.6.jar
2017-10-09 12:04:24,069 [Worker-1] INFO  o.e.m.c.i.e.AbstractTransferListenerAdapter - Downloaded https://repo.maven.apache.org/maven2/org/xerial/snappy/snappy-java/1.1.2.6/snappy-java-1.1.2.6.jar
2017-10-09 12:04:24,090 [Worker-1] INFO  o.e.m.c.i.e.AbstractTransferListenerAdapter - Downloading https://repo.maven.apache.org/maven2/org/springframework/kafka/spring-kafka/1.1.3.RELEASE/spring-kafka-1.1.3.RELEASE.jar
2017-10-09 12:04:24,154 [Worker-1] INFO  o.e.m.c.i.e.AbstractTransferListenerAdapter - Downloaded https://repo.maven.apache.org/maven2/org/springframework/kafka/spring-kafka/1.1.3.RELEASE/spring-kafka-1.1.3.RELEASE.jar
2017-10-09 12:04:24,161 [Worker-1] INFO  o.e.m.c.i.e.AbstractTransferListenerAdapter - Downloading https://repo.maven.apache.org/maven2/org/springframework/integration/spring-integration-kafka/2.1.0.RELEASE/spring-integration-kafka-2.1.0.RELEASE.jar
2017-10-09 12:04:24,423 [Worker-1] INFO  o.e.m.c.i.e.AbstractTransferListenerAdapter - Downloaded https://repo.maven.apache.org/maven2/org/springframework/integration/spring-integration-kafka/2.1.0.RELEASE/spring-integration-kafka-2.1.0.RELEASE.jar
2017-10-09 12:04:36,148 [Worker-1] INFO  o.e.m.j.i.AbstractJavaProjectConfigurator - Adding source folder /kafka_producer/src/main/java
2017-10-09 12:04:36,155 [Worker-1] INFO  o.e.m.j.i.AbstractJavaProjectConfigurator - Adding resource folder /kafka_producer/src/main/resources
2017-10-09 12:04:36,175 [Worker-1] INFO  o.e.m.j.i.AbstractJavaProjectConfigurator - Adding resource folder /kafka_producer/src/main/resources
2017-10-09 12:04:36,196 [Worker-1] INFO  o.e.m.j.i.AbstractJavaProjectConfigurator - Adding source folder /kafka_producer/src/test/java
2017-10-09 12:04:42,364 [Worker-1] INFO  o.e.m.c.i.p.ProjectConfigurationManager - Imported and configured 1 project(s) in 45 sec
2017-10-09 12:04:49,316 [Worker-15] INFO  o.e.m.c.i.embedder.EclipseLogger - Using 'UTF-8' encoding to copy filtered resources.
2017-10-09 12:04:49,340 [Worker-15] INFO  o.e.m.c.i.embedder.EclipseLogger - Copying 1 resource
2017-10-09 12:04:49,378 [Worker-15] INFO  o.e.m.c.i.embedder.EclipseLogger - Copying 0 resource
2017-10-09 12:04:49,382 [Worker-15] INFO  o.e.m.c.i.embedder.EclipseLogger - Using 'UTF-8' encoding to copy filtered resources.
2017-10-09 12:04:49,391 [Worker-15] INFO  o.e.m.c.i.embedder.EclipseLogger - skip non existing resourceDirectory C:\Spring-boot\kafka_blogpost-master-489be900799c88f1ad9bd71d0587006211cc2411\kafka_producer\src\test\resources
2017-10-09 12:04:54,670 [Worker-2] INFO  o.e.m.c.i.embedder.EclipseLogger - Using 'UTF-8' encoding to copy filtered resources.
2017-10-09 12:04:54,673 [Worker-2] INFO  o.e.m.c.i.embedder.EclipseLogger - Copying 0 resource
2017-10-09 12:04:54,674 [Worker-2] INFO  o.e.m.c.i.embedder.EclipseLogger - Copying 0 resource
2017-10-09 12:04:54,685 [Worker-2] INFO  o.e.m.c.i.embedder.EclipseLogger - Using 'UTF-8' encoding to copy filtered resources.
2017-10-09 12:04:54,692 [Worker-2] INFO  o.e.m.c.i.embedder.EclipseLogger - skip non existing resourceDirectory C:\Spring-boot\kafka_blogpost-master-489be900799c88f1ad9bd71d0587006211cc2411\kafka_producer\src\test\resources
2017-10-09 12:07:37,828 [Worker-8] INFO  o.e.m.c.i.l.LifecycleMappingFactory - Using org.eclipse.m2e.jdt.JarLifecycleMapping lifecycle mapping for MavenProject: com.dasyel:kafka_consumer:0.0.1-SNAPSHOT @ C:\Spring-boot\kafka_blogpost-master-489be900799c88f1ad9bd71d0587006211cc2411\kafka_consumer\pom.xml.
2017-10-09 12:07:40,806 [Worker-8] INFO  o.e.m.j.i.AbstractJavaProjectConfigurator - Adding source folder /kafka_consumer/src/main/java
2017-10-09 12:07:40,816 [Worker-8] INFO  o.e.m.j.i.AbstractJavaProjectConfigurator - Adding resource folder /kafka_consumer/src/main/resources
2017-10-09 12:07:40,835 [Worker-8] INFO  o.e.m.j.i.AbstractJavaProjectConfigurator - Adding resource folder /kafka_consumer/src/main/resources
2017-10-09 12:07:40,859 [Worker-8] INFO  o.e.m.j.i.AbstractJavaProjectConfigurator - Adding source folder /kafka_consumer/src/test/java
2017-10-09 12:07:41,327 [Worker-8] INFO  o.e.m.c.i.p.ProjectConfigurationManager - Imported and configured 1 project(s) in 4 sec
2017-10-09 12:07:42,835 [Worker-19] INFO  o.e.m.c.i.embedder.EclipseLogger - Using 'UTF-8' encoding to copy filtered resources.
2017-10-09 12:07:42,836 [Worker-19] INFO  o.e.m.c.i.embedder.EclipseLogger - Copying 1 resource
2017-10-09 12:07:42,847 [Worker-19] INFO  o.e.m.c.i.embedder.EclipseLogger - Copying 0 resource
2017-10-09 12:07:42,851 [Worker-19] INFO  o.e.m.c.i.embedder.EclipseLogger - Using 'UTF-8' encoding to copy filtered resources.
2017-10-09 12:07:42,862 [Worker-19] INFO  o.e.m.c.i.embedder.EclipseLogger - skip non existing resourceDirectory C:\Spring-boot\kafka_blogpost-master-489be900799c88f1ad9bd71d0587006211cc2411\kafka_consumer\src\test\resources
2017-10-09 12:07:44,154 [Worker-21] INFO  o.e.m.c.i.embedder.EclipseLogger - Using 'UTF-8' encoding to copy filtered resources.
2017-10-09 12:07:44,172 [Worker-21] INFO  o.e.m.c.i.embedder.EclipseLogger - Copying 0 resource
2017-10-09 12:07:44,185 [Worker-21] INFO  o.e.m.c.i.embedder.EclipseLogger - Copying 0 resource
2017-10-09 12:07:44,195 [Worker-21] INFO  o.e.m.c.i.embedder.EclipseLogger - Using 'UTF-8' encoding to copy filtered resources.
2017-10-09 12:07:44,195 [Worker-21] INFO  o.e.m.c.i.embedder.EclipseLogger - skip non existing resourceDirectory C:\Spring-boot\kafka_blogpost-master-489be900799c88f1ad9bd71d0587006211cc2411\kafka_consumer\src\test\resources
2017-10-09 12:08:01,973 [Worker-18] INFO  o.e.m.c.i.l.LifecycleMappingFactory - Using org.eclipse.m2e.jdt.JarLifecycleMapping lifecycle mapping for MavenProject: com.example:kafka_filter:0.0.1-SNAPSHOT @ C:\Spring-boot\kafka_blogpost-master-489be900799c88f1ad9bd71d0587006211cc2411\kafka_filter\pom.xml.
2017-10-09 12:08:02,603 [Worker-18] INFO  o.e.m.c.i.e.AbstractTransferListenerAdapter - Downloading https://repo.maven.apache.org/maven2/org/springframework/cloud/spring-cloud-stream-test-support/1.2.1.RELEASE/spring-cloud-stream-test-support-1.2.1.RELEASE.pom
2017-10-09 12:08:02,642 [Worker-18] INFO  o.e.m.c.i.e.AbstractTransferListenerAdapter - Downloaded https://repo.maven.apache.org/maven2/org/springframework/cloud/spring-cloud-stream-test-support/1.2.1.RELEASE/spring-cloud-stream-test-support-1.2.1.RELEASE.pom
2017-10-09 12:08:02,878 [Worker-18] INFO  o.e.m.c.i.e.AbstractTransferListenerAdapter - Downloading https://repo.maven.apache.org/maven2/org/springframework/cloud/spring-cloud-stream-test-support/1.2.1.RELEASE/spring-cloud-stream-test-support-1.2.1.RELEASE.jar
2017-10-09 12:08:03,098 [Worker-18] INFO  o.e.m.c.i.e.AbstractTransferListenerAdapter - Downloaded https://repo.maven.apache.org/maven2/org/springframework/cloud/spring-cloud-stream-test-support/1.2.1.RELEASE/spring-cloud-stream-test-support-1.2.1.RELEASE.jar
2017-10-09 12:08:03,823 [Worker-18] INFO  o.e.m.j.i.AbstractJavaProjectConfigurator - Adding source folder /kafka_filter/src/main/java
2017-10-09 12:08:03,829 [Worker-18] INFO  o.e.m.j.i.AbstractJavaProjectConfigurator - Adding resource folder /kafka_filter/src/main/resources
2017-10-09 12:08:03,846 [Worker-18] INFO  o.e.m.j.i.AbstractJavaProjectConfigurator - Adding resource folder /kafka_filter/src/main/resources
2017-10-09 12:08:03,863 [Worker-18] INFO  o.e.m.j.i.AbstractJavaProjectConfigurator - Adding source folder /kafka_filter/src/test/java
2017-10-09 12:08:04,149 [Worker-18] INFO  o.e.m.c.i.p.ProjectConfigurationManager - Imported and configured 1 project(s) in 2 sec
2017-10-09 12:08:06,299 [Worker-8] INFO  o.e.m.c.i.embedder.EclipseLogger - Using 'UTF-8' encoding to copy filtered resources.
2017-10-09 12:08:06,300 [Worker-8] INFO  o.e.m.c.i.embedder.EclipseLogger - Copying 1 resource
2017-10-09 12:08:06,314 [Worker-8] INFO  o.e.m.c.i.embedder.EclipseLogger - Copying 0 resource
2017-10-09 12:08:06,317 [Worker-8] INFO  o.e.m.c.i.embedder.EclipseLogger - Using 'UTF-8' encoding to copy filtered resources.
2017-10-09 12:08:06,326 [Worker-8] INFO  o.e.m.c.i.embedder.EclipseLogger - skip non existing resourceDirectory C:\Spring-boot\kafka_blogpost-master-489be900799c88f1ad9bd71d0587006211cc2411\kafka_filter\src\test\resources
2017-10-09 12:08:07,606 [Worker-20] INFO  o.e.m.c.i.embedder.EclipseLogger - Using 'UTF-8' encoding to copy filtered resources.
2017-10-09 12:08:07,614 [Worker-20] INFO  o.e.m.c.i.embedder.EclipseLogger - Copying 0 resource
2017-10-09 12:08:07,619 [Worker-20] INFO  o.e.m.c.i.embedder.EclipseLogger - Copying 0 resource
2017-10-09 12:08:07,627 [Worker-20] INFO  o.e.m.c.i.embedder.EclipseLogger - Using 'UTF-8' encoding to copy filtered resources.
2017-10-09 12:08:07,627 [Worker-20] INFO  o.e.m.c.i.embedder.EclipseLogger - skip non existing resourceDirectory C:\Spring-boot\kafka_blogpost-master-489be900799c88f1ad9bd71d0587006211cc2411\kafka_filter\src\test\resources
2017-10-09 14:22:48,762 [Worker-53] INFO  o.e.m.c.i.embedder.EclipseLogger - Using 'UTF-8' encoding to copy filtered resources.
2017-10-09 14:22:48,763 [Worker-53] INFO  o.e.m.c.i.embedder.EclipseLogger - Copying 0 resource
2017-10-09 14:22:48,779 [Worker-53] INFO  o.e.m.c.i.embedder.EclipseLogger - Copying 0 resource
2017-10-09 14:22:48,793 [Worker-53] INFO  o.e.m.c.i.embedder.EclipseLogger - Using 'UTF-8' encoding to copy filtered resources.
2017-10-09 14:22:48,800 [Worker-53] INFO  o.e.m.c.i.embedder.EclipseLogger - skip non existing resourceDirectory C:\Spring-boot\kafka_blogpost-master-489be900799c88f1ad9bd71d0587006211cc2411\kafka_filter\src\test\resources
2017-10-09 14:23:41,305 [Worker-60] INFO  o.e.m.c.i.l.LifecycleMappingFactory - Using org.eclipse.m2e.jdt.JarLifecycleMapping lifecycle mapping for MavenProject: com.javainuse:boot-kafka:0.0.1-SNAPSHOT @ C:\workspace\Spring-kafka\boot-kafka\pom.xml.
2017-10-09 14:23:43,718 [Worker-60] INFO  o.e.m.j.i.AbstractJavaProjectConfigurator - Adding source folder /boot-kafka/src/main/java
2017-10-09 14:23:43,725 [Worker-60] INFO  o.e.m.j.i.AbstractJavaProjectConfigurator - Adding resource folder /boot-kafka/src/main/resources
2017-10-09 14:23:43,732 [Worker-60] INFO  o.e.m.j.i.AbstractJavaProjectConfigurator - Adding source folder /boot-kafka/src/test/java
2017-10-09 14:23:43,732 [Worker-60] INFO  o.e.m.j.i.AbstractJavaProjectConfigurator - Adding resource folder /boot-kafka/src/test/resources
2017-10-09 14:23:44,481 [Worker-60] WARN  o.e.m.c.i.embedder.EclipseLogger - Using platform encoding (Cp1252 actually) to copy filtered resources, i.e. build is platform dependent!
2017-10-09 14:23:44,500 [Worker-60] INFO  o.e.m.c.i.embedder.EclipseLogger - Copying 0 resource
2017-10-09 14:23:44,502 [Worker-60] WARN  o.e.m.c.i.embedder.EclipseLogger - Using platform encoding (Cp1252 actually) to copy filtered resources, i.e. build is platform dependent!
2017-10-09 14:23:44,524 [Worker-60] INFO  o.e.m.c.i.embedder.EclipseLogger - Copying 0 resource
2017-10-09 14:24:43,547 [Worker-58] INFO  o.e.m.c.i.l.LifecycleMappingFactory - Using org.eclipse.m2e.jdt.JarLifecycleMapping lifecycle mapping for MavenProject: com.javainuse:boot-kafka:0.0.1-SNAPSHOT @ C:\workspace\Spring-kafka\boot-kafka\pom.xml.
2017-10-09 14:24:43,602 [Worker-58] INFO  o.e.m.c.i.e.AbstractTransferListenerAdapter - Downloading https://repo.maven.apache.org/maven2/org/springframework/kafka/spring-kafka/1.1.4.RELEASE/spring-kafka-1.1.4.RELEASE.pom
2017-10-09 14:24:43,658 [Worker-58] INFO  o.e.m.c.i.e.AbstractTransferListenerAdapter - Downloaded https://repo.maven.apache.org/maven2/org/springframework/kafka/spring-kafka/1.1.4.RELEASE/spring-kafka-1.1.4.RELEASE.pom
2017-10-09 14:24:43,727 [Worker-58] INFO  o.e.m.c.i.e.AbstractTransferListenerAdapter - Downloading https://repo.maven.apache.org/maven2/org/springframework/spring-messaging/4.3.8.RELEASE/spring-messaging-4.3.8.RELEASE.pom
2017-10-09 14:24:43,782 [Worker-58] INFO  o.e.m.c.i.e.AbstractTransferListenerAdapter - Downloaded https://repo.maven.apache.org/maven2/org/springframework/spring-messaging/4.3.8.RELEASE/spring-messaging-4.3.8.RELEASE.pom
2017-10-09 14:24:48,269 [Worker-58] INFO  o.e.m.c.i.e.AbstractTransferListenerAdapter - Downloading https://repo.maven.apache.org/maven2/org/springframework/kafka/spring-kafka/1.1.4.RELEASE/spring-kafka-1.1.4.RELEASE.jar
2017-10-09 14:24:49,398 [Worker-58] INFO  o.e.m.c.i.e.AbstractTransferListenerAdapter - Downloaded https://repo.maven.apache.org/maven2/org/springframework/kafka/spring-kafka/1.1.4.RELEASE/spring-kafka-1.1.4.RELEASE.jar
2017-10-09 14:24:49,490 [Worker-58] INFO  o.e.m.c.i.e.AbstractTransferListenerAdapter - Downloading https://repo.maven.apache.org/maven2/org/springframework/spring-messaging/4.3.8.RELEASE/spring-messaging-4.3.8.RELEASE.jar
2017-10-09 14:24:50,737 [Worker-58] INFO  o.e.m.c.i.e.AbstractTransferListenerAdapter - Downloaded https://repo.maven.apache.org/maven2/org/springframework/spring-messaging/4.3.8.RELEASE/spring-messaging-4.3.8.RELEASE.jar
2017-10-09 14:24:59,493 [Worker-58] INFO  o.e.m.c.i.l.LifecycleMappingFactory - Using org.eclipse.m2e.jdt.JarLifecycleMapping lifecycle mapping for MavenProject: com.dasyel:kafka_producer:0.0.1-SNAPSHOT @ C:\Spring-boot\kafka_blogpost-master-489be900799c88f1ad9bd71d0587006211cc2411\kafka_producer\pom.xml.
2017-10-09 14:25:01,747 [Worker-58] INFO  o.e.m.c.i.l.LifecycleMappingFactory - Using org.eclipse.m2e.jdt.JarLifecycleMapping lifecycle mapping for MavenProject: com.dasyel:kafka_consumer:0.0.1-SNAPSHOT @ C:\Spring-boot\kafka_blogpost-master-489be900799c88f1ad9bd71d0587006211cc2411\kafka_consumer\pom.xml.
2017-10-09 14:25:02,039 [Worker-58] INFO  o.e.m.c.i.l.LifecycleMappingFactory - Using org.eclipse.m2e.jdt.JarLifecycleMapping lifecycle mapping for MavenProject: com.example:kafka_filter:0.0.1-SNAPSHOT @ C:\Spring-boot\kafka_blogpost-master-489be900799c88f1ad9bd71d0587006211cc2411\kafka_filter\pom.xml.
2017-10-09 14:25:06,012 [Worker-58] INFO  o.e.m.c.i.embedder.EclipseLogger - Using 'UTF-8' encoding to copy filtered resources.
2017-10-09 14:25:06,023 [Worker-58] INFO  o.e.m.c.i.embedder.EclipseLogger - Copying 0 resource
2017-10-09 14:25:06,034 [Worker-58] INFO  o.e.m.c.i.embedder.EclipseLogger - Copying 0 resource
2017-10-09 14:25:06,038 [Worker-58] INFO  o.e.m.c.i.embedder.EclipseLogger - Using 'UTF-8' encoding to copy filtered resources.
2017-10-09 14:25:06,048 [Worker-58] INFO  o.e.m.c.i.embedder.EclipseLogger - Copying 0 resource
2017-10-09 14:25:08,937 [Worker-59] INFO  o.e.m.c.i.embedder.EclipseLogger - Using 'UTF-8' encoding to copy filtered resources.
2017-10-09 14:25:08,946 [Worker-59] INFO  o.e.m.c.i.embedder.EclipseLogger - Copying 0 resource
2017-10-09 14:25:08,948 [Worker-59] INFO  o.e.m.c.i.embedder.EclipseLogger - Copying 0 resource
2017-10-09 14:25:08,957 [Worker-59] INFO  o.e.m.c.i.embedder.EclipseLogger - Using 'UTF-8' encoding to copy filtered resources.
2017-10-09 14:25:08,964 [Worker-59] INFO  o.e.m.c.i.embedder.EclipseLogger - Copying 0 resource
2017-10-09 14:25:09,621 [Worker-59] INFO  o.e.m.c.i.embedder.EclipseLogger - Using 'UTF-8' encoding to copy filtered resources.
2017-10-09 14:25:09,622 [Worker-59] INFO  o.e.m.c.i.embedder.EclipseLogger - Copying 0 resource
2017-10-09 14:25:09,638 [Worker-59] INFO  o.e.m.c.i.embedder.EclipseLogger - Copying 0 resource
2017-10-09 14:25:09,644 [Worker-59] INFO  o.e.m.c.i.embedder.EclipseLogger - Using 'UTF-8' encoding to copy filtered resources.
2017-10-09 14:25:09,646 [Worker-59] INFO  o.e.m.c.i.embedder.EclipseLogger - skip non existing resourceDirectory C:\Spring-boot\kafka_blogpost-master-489be900799c88f1ad9bd71d0587006211cc2411\kafka_consumer\src\test\resources
2017-10-09 14:25:10,340 [Worker-60] INFO  o.e.m.c.i.embedder.EclipseLogger - Using 'UTF-8' encoding to copy filtered resources.
2017-10-09 14:25:10,350 [Worker-60] INFO  o.e.m.c.i.embedder.EclipseLogger - Copying 0 resource
2017-10-09 14:25:10,350 [Worker-60] INFO  o.e.m.c.i.embedder.EclipseLogger - Copying 0 resource
2017-10-09 14:25:10,352 [Worker-60] INFO  o.e.m.c.i.embedder.EclipseLogger - Using 'UTF-8' encoding to copy filtered resources.
2017-10-09 14:25:10,353 [Worker-60] INFO  o.e.m.c.i.embedder.EclipseLogger - skip non existing resourceDirectory C:\Spring-boot\kafka_blogpost-master-489be900799c88f1ad9bd71d0587006211cc2411\kafka_filter\src\test\resources
2017-10-09 14:25:10,888 [Worker-60] INFO  o.e.m.c.i.embedder.EclipseLogger - Using 'UTF-8' encoding to copy filtered resources.
2017-10-09 14:25:10,889 [Worker-60] INFO  o.e.m.c.i.embedder.EclipseLogger - Copying 0 resource
2017-10-09 14:25:10,889 [Worker-60] INFO  o.e.m.c.i.embedder.EclipseLogger - Copying 0 resource
2017-10-09 14:25:10,891 [Worker-60] INFO  o.e.m.c.i.embedder.EclipseLogger - Using 'UTF-8' encoding to copy filtered resources.
2017-10-09 14:25:10,897 [Worker-60] INFO  o.e.m.c.i.embedder.EclipseLogger - skip non existing resourceDirectory C:\Spring-boot\kafka_blogpost-master-489be900799c88f1ad9bd71d0587006211cc2411\kafka_producer\src\test\resources
2017-10-09 14:25:49,648 [Worker-58] INFO  o.e.m.c.i.embedder.EclipseLogger - Using 'UTF-8' encoding to copy filtered resources.
2017-10-09 14:25:49,649 [Worker-58] INFO  o.e.m.c.i.embedder.EclipseLogger - Copying 0 resource
2017-10-09 14:25:49,650 [Worker-58] INFO  o.e.m.c.i.embedder.EclipseLogger - Copying 0 resource
2017-10-09 14:25:49,653 [Worker-58] INFO  o.e.m.c.i.embedder.EclipseLogger - Using 'UTF-8' encoding to copy filtered resources.
2017-10-09 14:25:49,654 [Worker-58] INFO  o.e.m.c.i.embedder.EclipseLogger - Copying 0 resource
2017-10-09 14:26:02,669 [Worker-58] INFO  o.e.m.c.i.embedder.EclipseLogger - Using 'UTF-8' encoding to copy filtered resources.
2017-10-09 14:26:02,671 [Worker-58] INFO  o.e.m.c.i.embedder.EclipseLogger - Copying 0 resource
2017-10-09 14:26:02,682 [Worker-58] INFO  o.e.m.c.i.embedder.EclipseLogger - Copying 0 resource
2017-10-09 14:26:02,685 [Worker-58] INFO  o.e.m.c.i.embedder.EclipseLogger - Using 'UTF-8' encoding to copy filtered resources.
2017-10-09 14:26:02,695 [Worker-58] INFO  o.e.m.c.i.embedder.EclipseLogger - Copying 0 resource
2017-10-09 14:26:29,581 [Worker-56] INFO  o.e.m.c.i.embedder.EclipseLogger - Using 'UTF-8' encoding to copy filtered resources.
2017-10-09 14:26:29,588 [Worker-56] INFO  o.e.m.c.i.embedder.EclipseLogger - Copying 0 resource
2017-10-09 14:26:29,594 [Worker-56] INFO  o.e.m.c.i.embedder.EclipseLogger - Copying 0 resource
2017-10-09 14:26:29,603 [Worker-56] INFO  o.e.m.c.i.embedder.EclipseLogger - Using 'UTF-8' encoding to copy filtered resources.
2017-10-09 14:26:29,604 [Worker-56] INFO  o.e.m.c.i.embedder.EclipseLogger - Copying 0 resource
2017-10-09 14:27:15,643 [Worker-61] INFO  o.e.m.c.i.embedder.EclipseLogger - Using 'UTF-8' encoding to copy filtered resources.
2017-10-09 14:27:15,645 [Worker-61] INFO  o.e.m.c.i.embedder.EclipseLogger - Copying 0 resource
2017-10-09 14:27:15,646 [Worker-61] INFO  o.e.m.c.i.embedder.EclipseLogger - Copying 0 resource
2017-10-09 14:27:15,650 [Worker-61] INFO  o.e.m.c.i.embedder.EclipseLogger - Using 'UTF-8' encoding to copy filtered resources.
2017-10-09 14:27:15,651 [Worker-61] INFO  o.e.m.c.i.embedder.EclipseLogger - Copying 0 resource
2017-10-09 14:27:44,024 [Worker-60] INFO  o.e.m.c.i.embedder.EclipseLogger - Using 'UTF-8' encoding to copy filtered resources.
2017-10-09 14:27:44,026 [Worker-60] INFO  o.e.m.c.i.embedder.EclipseLogger - Copying 0 resource
2017-10-09 14:27:44,027 [Worker-60] INFO  o.e.m.c.i.embedder.EclipseLogger - Copying 0 resource
2017-10-09 14:27:44,036 [Worker-60] INFO  o.e.m.c.i.embedder.EclipseLogger - Using 'UTF-8' encoding to copy filtered resources.
2017-10-09 14:27:44,037 [Worker-60] INFO  o.e.m.c.i.embedder.EclipseLogger - Copying 0 resource
2017-10-09 14:28:03,806 [Worker-53] INFO  o.e.m.c.i.embedder.EclipseLogger - Using 'UTF-8' encoding to copy filtered resources.
2017-10-09 14:28:03,807 [Worker-53] INFO  o.e.m.c.i.embedder.EclipseLogger - Copying 0 resource
2017-10-09 14:28:03,817 [Worker-53] INFO  o.e.m.c.i.embedder.EclipseLogger - Copying 0 resource
2017-10-09 14:28:03,826 [Worker-53] INFO  o.e.m.c.i.embedder.EclipseLogger - Using 'UTF-8' encoding to copy filtered resources.
2017-10-09 14:28:03,832 [Worker-53] INFO  o.e.m.c.i.embedder.EclipseLogger - Copying 0 resource
2017-10-09 14:28:38,545 [Worker-53] INFO  o.e.m.c.i.embedder.EclipseLogger - Using 'UTF-8' encoding to copy filtered resources.
2017-10-09 14:28:38,556 [Worker-53] INFO  o.e.m.c.i.embedder.EclipseLogger - Copying 0 resource
2017-10-09 14:28:38,563 [Worker-53] INFO  o.e.m.c.i.embedder.EclipseLogger - Copying 0 resource
2017-10-09 14:28:38,571 [Worker-53] INFO  o.e.m.c.i.embedder.EclipseLogger - Using 'UTF-8' encoding to copy filtered resources.
2017-10-09 14:28:38,572 [Worker-53] INFO  o.e.m.c.i.embedder.EclipseLogger - Copying 0 resource
2017-10-09 14:28:56,244 [Worker-58] INFO  o.e.m.c.i.embedder.EclipseLogger - Using 'UTF-8' encoding to copy filtered resources.
2017-10-09 14:28:56,246 [Worker-58] INFO  o.e.m.c.i.embedder.EclipseLogger - Copying 0 resource
2017-10-09 14:28:56,247 [Worker-58] INFO  o.e.m.c.i.embedder.EclipseLogger - Copying 0 resource
2017-10-09 14:28:56,251 [Worker-58] INFO  o.e.m.c.i.embedder.EclipseLogger - Using 'UTF-8' encoding to copy filtered resources.
2017-10-09 14:28:56,263 [Worker-58] INFO  o.e.m.c.i.embedder.EclipseLogger - Copying 0 resource
2017-10-09 14:29:03,614 [Worker-58] INFO  o.e.m.c.i.embedder.EclipseLogger - Using 'UTF-8' encoding to copy filtered resources.
2017-10-09 14:29:03,622 [Worker-58] INFO  o.e.m.c.i.embedder.EclipseLogger - Copying 0 resource
2017-10-09 14:29:03,630 [Worker-58] INFO  o.e.m.c.i.embedder.EclipseLogger - Copying 0 resource
2017-10-09 14:29:03,644 [Worker-58] INFO  o.e.m.c.i.embedder.EclipseLogger - Using 'UTF-8' encoding to copy filtered resources.
2017-10-09 14:29:03,645 [Worker-58] INFO  o.e.m.c.i.embedder.EclipseLogger - Copying 0 resource
2017-10-09 14:29:26,554 [Worker-56] INFO  o.e.m.c.i.embedder.EclipseLogger - Using 'UTF-8' encoding to copy filtered resources.
2017-10-09 14:29:26,555 [Worker-56] INFO  o.e.m.c.i.embedder.EclipseLogger - Copying 0 resource
2017-10-09 14:29:26,562 [Worker-56] INFO  o.e.m.c.i.embedder.EclipseLogger - Copying 0 resource
2017-10-09 14:29:26,571 [Worker-56] INFO  o.e.m.c.i.embedder.EclipseLogger - Using 'UTF-8' encoding to copy filtered resources.
2017-10-09 14:29:26,577 [Worker-56] INFO  o.e.m.c.i.embedder.EclipseLogger - Copying 0 resource
2017-10-09 14:29:37,609 [Worker-60] INFO  o.e.m.c.i.embedder.EclipseLogger - Using 'UTF-8' encoding to copy filtered resources.
2017-10-09 14:29:37,620 [Worker-60] INFO  o.e.m.c.i.embedder.EclipseLogger - Copying 0 resource
2017-10-09 14:29:37,632 [Worker-60] INFO  o.e.m.c.i.embedder.EclipseLogger - Copying 0 resource
2017-10-09 14:29:37,643 [Worker-60] INFO  o.e.m.c.i.embedder.EclipseLogger - Using 'UTF-8' encoding to copy filtered resources.
2017-10-09 14:29:37,643 [Worker-60] INFO  o.e.m.c.i.embedder.EclipseLogger - Copying 0 resource
2017-10-09 14:29:44,099 [Worker-58] INFO  o.e.m.c.i.embedder.EclipseLogger - Using 'UTF-8' encoding to copy filtered resources.
2017-10-09 14:29:44,100 [Worker-58] INFO  o.e.m.c.i.embedder.EclipseLogger - Copying 0 resource
2017-10-09 14:29:44,100 [Worker-58] INFO  o.e.m.c.i.embedder.EclipseLogger - Copying 0 resource
2017-10-09 14:29:44,102 [Worker-58] INFO  o.e.m.c.i.embedder.EclipseLogger - Using 'UTF-8' encoding to copy filtered resources.
2017-10-09 14:29:44,103 [Worker-58] INFO  o.e.m.c.i.embedder.EclipseLogger - Copying 0 resource
2017-10-09 14:29:55,737 [Worker-60] INFO  o.e.m.c.i.embedder.EclipseLogger - Using 'UTF-8' encoding to copy filtered resources.
2017-10-09 14:29:55,738 [Worker-60] INFO  o.e.m.c.i.embedder.EclipseLogger - Copying 0 resource
2017-10-09 14:29:55,739 [Worker-60] INFO  o.e.m.c.i.embedder.EclipseLogger - Copying 0 resource
2017-10-09 14:29:55,747 [Worker-60] INFO  o.e.m.c.i.embedder.EclipseLogger - Using 'UTF-8' encoding to copy filtered resources.
2017-10-09 14:29:55,748 [Worker-60] INFO  o.e.m.c.i.embedder.EclipseLogger - Copying 0 resource
2017-10-09 14:30:05,508 [Worker-58] INFO  o.e.m.c.i.embedder.EclipseLogger - Using 'UTF-8' encoding to copy filtered resources.
2017-10-09 14:30:05,509 [Worker-58] INFO  o.e.m.c.i.embedder.EclipseLogger - Copying 0 resource
2017-10-09 14:30:05,519 [Worker-58] INFO  o.e.m.c.i.embedder.EclipseLogger - Copying 0 resource
2017-10-09 14:30:05,528 [Worker-58] INFO  o.e.m.c.i.embedder.EclipseLogger - Using 'UTF-8' encoding to copy filtered resources.
2017-10-09 14:30:05,535 [Worker-58] INFO  o.e.m.c.i.embedder.EclipseLogger - Copying 0 resource
2017-10-09 14:34:34,606 [Worker-61] INFO  o.e.m.c.i.embedder.EclipseLogger - Using 'UTF-8' encoding to copy filtered resources.
2017-10-09 14:34:34,614 [Worker-61] INFO  o.e.m.c.i.embedder.EclipseLogger - Copying 0 resource
2017-10-09 14:34:34,621 [Worker-61] INFO  o.e.m.c.i.embedder.EclipseLogger - Copying 0 resource
2017-10-09 14:34:34,629 [Worker-61] INFO  o.e.m.c.i.embedder.EclipseLogger - Using 'UTF-8' encoding to copy filtered resources.
2017-10-09 14:34:34,630 [Worker-61] INFO  o.e.m.c.i.embedder.EclipseLogger - Copying 0 resource
2017-10-09 14:35:01,616 [Worker-61] INFO  o.e.m.c.i.p.ProjectConfigurationManager - Update started
2017-10-09 14:35:02,435 [Worker-61] INFO  o.e.m.c.i.l.LifecycleMappingFactory - Using org.eclipse.m2e.jdt.JarLifecycleMapping lifecycle mapping for MavenProject: com.javainuse:boot-kafka:0.0.1-SNAPSHOT @ C:\workspace\Spring-kafka\boot-kafka\pom.xml.
2017-10-09 14:35:04,732 [Worker-61] INFO  o.e.m.j.i.AbstractJavaProjectConfigurator - Adding source folder /boot-kafka/src/main/java
2017-10-09 14:35:04,733 [Worker-61] INFO  o.e.m.j.i.AbstractJavaProjectConfigurator - Adding resource folder /boot-kafka/src/main/resources
2017-10-09 14:35:04,752 [Worker-61] INFO  o.e.m.j.i.AbstractJavaProjectConfigurator - Adding resource folder /boot-kafka/src/main/resources
2017-10-09 14:35:04,766 [Worker-61] INFO  o.e.m.j.i.AbstractJavaProjectConfigurator - Adding source folder /boot-kafka/src/test/java
2017-10-09 14:35:04,771 [Worker-61] INFO  o.e.m.j.i.AbstractJavaProjectConfigurator - Adding resource folder /boot-kafka/src/test/resources
2017-10-09 14:35:05,370 [Worker-61] INFO  o.e.m.c.i.p.ProjectConfigurationManager - Update completed: 3 sec
2017-10-09 14:35:06,490 [Worker-64] INFO  o.e.m.c.i.embedder.EclipseLogger - Using 'UTF-8' encoding to copy filtered resources.
2017-10-09 14:35:06,491 [Worker-64] INFO  o.e.m.c.i.embedder.EclipseLogger - Copying 0 resource
2017-10-09 14:35:06,492 [Worker-64] INFO  o.e.m.c.i.embedder.EclipseLogger - Copying 0 resource
2017-10-09 14:35:06,494 [Worker-64] INFO  o.e.m.c.i.embedder.EclipseLogger - Using 'UTF-8' encoding to copy filtered resources.
2017-10-09 14:35:06,501 [Worker-64] INFO  o.e.m.c.i.embedder.EclipseLogger - Copying 0 resource
2017-10-09 14:35:08,915 [Worker-63] INFO  o.e.m.c.i.embedder.EclipseLogger - Using 'UTF-8' encoding to copy filtered resources.
2017-10-09 14:35:08,938 [Worker-63] INFO  o.e.m.c.i.embedder.EclipseLogger - Copying 0 resource
2017-10-09 14:35:08,955 [Worker-63] INFO  o.e.m.c.i.embedder.EclipseLogger - Copying 0 resource
2017-10-09 14:35:09,005 [Worker-63] INFO  o.e.m.c.i.embedder.EclipseLogger - Using 'UTF-8' encoding to copy filtered resources.
2017-10-09 14:35:09,006 [Worker-63] INFO  o.e.m.c.i.embedder.EclipseLogger - Copying 0 resource
2017-10-09 14:39:24,346 [Worker-64] INFO  o.e.m.c.i.embedder.EclipseLogger - Using 'UTF-8' encoding to copy filtered resources.
2017-10-09 14:39:24,348 [Worker-64] INFO  o.e.m.c.i.embedder.EclipseLogger - Copying 0 resource
2017-10-09 14:39:24,357 [Worker-64] INFO  o.e.m.c.i.embedder.EclipseLogger - Copying 0 resource
2017-10-09 14:39:24,368 [Worker-64] INFO  o.e.m.c.i.embedder.EclipseLogger - Using 'UTF-8' encoding to copy filtered resources.
2017-10-09 14:39:24,378 [Worker-64] INFO  o.e.m.c.i.embedder.EclipseLogger - Copying 0 resource
2017-10-09 14:43:25,675 [Worker-64] INFO  o.e.m.c.i.embedder.EclipseLogger - Using 'UTF-8' encoding to copy filtered resources.
2017-10-09 14:43:25,685 [Worker-64] INFO  o.e.m.c.i.embedder.EclipseLogger - Copying 0 resource
2017-10-09 14:43:25,693 [Worker-64] INFO  o.e.m.c.i.embedder.EclipseLogger - Copying 0 resource
2017-10-09 14:43:25,704 [Worker-64] INFO  o.e.m.c.i.embedder.EclipseLogger - Using 'UTF-8' encoding to copy filtered resources.
2017-10-09 14:43:25,704 [Worker-64] INFO  o.e.m.c.i.embedder.EclipseLogger - Copying 0 resource
2017-10-09 15:03:39,453 [Worker-72] INFO  o.e.m.c.i.l.LifecycleMappingFactory - Using org.eclipse.m2e.jdt.JarLifecycleMapping lifecycle mapping for MavenProject: org.springframework:gs-accessing-facebook:0.1.0 @ C:\Spring-boot\FB\gs-accessing-facebook\initial\pom.xml.
2017-10-09 15:03:39,695 [Worker-72] INFO  o.e.m.c.i.e.AbstractTransferListenerAdapter - Downloading https://repo.spring.io/libs-milestone/org/springframework/boot/spring-boot-starter-thymeleaf/1.5.7.RELEASE/spring-boot-starter-thymeleaf-1.5.7.RELEASE.pom
2017-10-09 15:03:39,773 [Worker-72] INFO  o.e.m.c.i.e.AbstractTransferListenerAdapter - Downloaded https://repo.spring.io/libs-milestone/org/springframework/boot/spring-boot-starter-thymeleaf/1.5.7.RELEASE/spring-boot-starter-thymeleaf-1.5.7.RELEASE.pom
2017-10-09 15:03:41,911 [Worker-72] INFO  o.e.m.c.i.e.AbstractTransferListenerAdapter - Downloading https://repo.spring.io/libs-milestone/org/springframework/social/spring-social-facebook/2.0.3.RELEASE/spring-social-facebook-2.0.3.RELEASE.pom
2017-10-09 15:03:41,975 [Worker-72] INFO  o.e.m.c.i.e.AbstractTransferListenerAdapter - Downloaded https://repo.spring.io/libs-milestone/org/springframework/social/spring-social-facebook/2.0.3.RELEASE/spring-social-facebook-2.0.3.RELEASE.pom
2017-10-09 15:03:42,061 [Worker-72] INFO  o.e.m.c.i.e.AbstractTransferListenerAdapter - Downloading https://repo.spring.io/libs-milestone/org/springframework/social/spring-social-core/1.1.4.RELEASE/spring-social-core-1.1.4.RELEASE.pom
2017-10-09 15:03:42,125 [Worker-72] INFO  o.e.m.c.i.e.AbstractTransferListenerAdapter - Downloaded https://repo.spring.io/libs-milestone/org/springframework/social/spring-social-core/1.1.4.RELEASE/spring-social-core-1.1.4.RELEASE.pom
2017-10-09 15:03:42,206 [Worker-72] INFO  o.e.m.c.i.e.AbstractTransferListenerAdapter - Downloading https://repo.spring.io/libs-milestone/org/springframework/social/spring-social-config/1.1.4.RELEASE/spring-social-config-1.1.4.RELEASE.pom
2017-10-09 15:03:42,282 [Worker-72] INFO  o.e.m.c.i.e.AbstractTransferListenerAdapter - Downloaded https://repo.spring.io/libs-milestone/org/springframework/social/spring-social-config/1.1.4.RELEASE/spring-social-config-1.1.4.RELEASE.pom
2017-10-09 15:03:42,369 [Worker-72] INFO  o.e.m.c.i.e.AbstractTransferListenerAdapter - Downloading https://repo.spring.io/libs-milestone/org/springframework/social/spring-social-web/1.1.4.RELEASE/spring-social-web-1.1.4.RELEASE.pom
2017-10-09 15:03:42,449 [Worker-72] INFO  o.e.m.c.i.e.AbstractTransferListenerAdapter - Downloaded https://repo.spring.io/libs-milestone/org/springframework/social/spring-social-web/1.1.4.RELEASE/spring-social-web-1.1.4.RELEASE.pom
2017-10-09 15:03:42,697 [Worker-72] INFO  o.e.m.c.i.e.AbstractTransferListenerAdapter - Downloading https://repo.spring.io/libs-milestone/org/springframework/boot/spring-boot-starter-thymeleaf/1.5.7.RELEASE/spring-boot-starter-thymeleaf-1.5.7.RELEASE.jar
2017-10-09 15:03:42,786 [Worker-72] INFO  o.e.m.c.i.e.AbstractTransferListenerAdapter - Downloaded https://repo.spring.io/libs-milestone/org/springframework/boot/spring-boot-starter-thymeleaf/1.5.7.RELEASE/spring-boot-starter-thymeleaf-1.5.7.RELEASE.jar
2017-10-09 15:03:43,228 [Worker-72] INFO  o.e.m.c.i.e.AbstractTransferListenerAdapter - Downloading https://repo.spring.io/libs-milestone/org/springframework/social/spring-social-facebook/2.0.3.RELEASE/spring-social-facebook-2.0.3.RELEASE.jar
2017-10-09 15:03:43,501 [Worker-72] INFO  o.e.m.c.i.e.AbstractTransferListenerAdapter - Downloaded https://repo.spring.io/libs-milestone/org/springframework/social/spring-social-facebook/2.0.3.RELEASE/spring-social-facebook-2.0.3.RELEASE.jar
2017-10-09 15:03:43,552 [Worker-72] INFO  o.e.m.c.i.e.AbstractTransferListenerAdapter - Downloading https://repo.spring.io/libs-milestone/org/springframework/social/spring-social-core/1.1.4.RELEASE/spring-social-core-1.1.4.RELEASE.jar
2017-10-09 15:03:43,729 [Worker-72] INFO  o.e.m.c.i.e.AbstractTransferListenerAdapter - Downloaded https://repo.spring.io/libs-milestone/org/springframework/social/spring-social-core/1.1.4.RELEASE/spring-social-core-1.1.4.RELEASE.jar
2017-10-09 15:03:43,800 [Worker-72] INFO  o.e.m.c.i.e.AbstractTransferListenerAdapter - Downloading https://repo.spring.io/libs-milestone/org/springframework/social/spring-social-config/1.1.4.RELEASE/spring-social-config-1.1.4.RELEASE.jar
2017-10-09 15:03:44,071 [Worker-72] INFO  o.e.m.c.i.e.AbstractTransferListenerAdapter - Downloaded https://repo.spring.io/libs-milestone/org/springframework/social/spring-social-config/1.1.4.RELEASE/spring-social-config-1.1.4.RELEASE.jar
2017-10-09 15:03:44,119 [Worker-72] INFO  o.e.m.c.i.e.AbstractTransferListenerAdapter - Downloading https://repo.spring.io/libs-milestone/org/springframework/social/spring-social-web/1.1.4.RELEASE/spring-social-web-1.1.4.RELEASE.jar
2017-10-09 15:03:44,462 [Worker-72] INFO  o.e.m.c.i.e.AbstractTransferListenerAdapter - Downloaded https://repo.spring.io/libs-milestone/org/springframework/social/spring-social-web/1.1.4.RELEASE/spring-social-web-1.1.4.RELEASE.jar
2017-10-09 15:03:48,337 [Worker-72] INFO  o.e.m.j.i.AbstractJavaProjectConfigurator - Adding source folder /gs-accessing-facebook/src/main/java
2017-10-09 15:03:48,343 [Worker-72] INFO  o.e.m.j.i.AbstractJavaProjectConfigurator - Adding source folder /gs-accessing-facebook/src/test/java
2017-10-09 15:03:49,827 [Worker-72] INFO  o.e.m.c.i.p.ProjectConfigurationManager - Imported and configured 1 project(s) in 15 sec
2017-10-09 15:03:53,337 [Worker-78] INFO  o.e.m.c.i.embedder.EclipseLogger - Using 'UTF-8' encoding to copy filtered resources.
2017-10-09 15:03:53,348 [Worker-78] INFO  o.e.m.c.i.embedder.EclipseLogger - skip non existing resourceDirectory C:\Spring-boot\FB\gs-accessing-facebook\initial\src\main\resources
2017-10-09 15:03:53,358 [Worker-78] INFO  o.e.m.c.i.embedder.EclipseLogger - skip non existing resourceDirectory C:\Spring-boot\FB\gs-accessing-facebook\initial\src\main\resources
2017-10-09 15:03:53,362 [Worker-78] INFO  o.e.m.c.i.embedder.EclipseLogger - Using 'UTF-8' encoding to copy filtered resources.
2017-10-09 15:03:53,373 [Worker-78] INFO  o.e.m.c.i.embedder.EclipseLogger - skip non existing resourceDirectory C:\Spring-boot\FB\gs-accessing-facebook\initial\src\test\resources
2017-10-09 15:03:54,819 [Worker-72] INFO  o.e.m.c.i.embedder.EclipseLogger - Using 'UTF-8' encoding to copy filtered resources.
2017-10-09 15:03:54,819 [Worker-72] INFO  o.e.m.c.i.embedder.EclipseLogger - skip non existing resourceDirectory C:\Spring-boot\FB\gs-accessing-facebook\initial\src\main\resources
2017-10-09 15:03:54,819 [Worker-72] INFO  o.e.m.c.i.embedder.EclipseLogger - skip non existing resourceDirectory C:\Spring-boot\FB\gs-accessing-facebook\initial\src\main\resources
2017-10-09 15:03:54,831 [Worker-72] INFO  o.e.m.c.i.embedder.EclipseLogger - Using 'UTF-8' encoding to copy filtered resources.
2017-10-09 15:03:54,839 [Worker-72] INFO  o.e.m.c.i.embedder.EclipseLogger - skip non existing resourceDirectory C:\Spring-boot\FB\gs-accessing-facebook\initial\src\test\resources
2017-10-09 15:05:31,045 [Worker-70] INFO  o.e.m.c.i.embedder.EclipseLogger - Using 'UTF-8' encoding to copy filtered resources.
2017-10-09 15:05:31,050 [Worker-70] INFO  o.e.m.c.i.embedder.EclipseLogger - Copying 0 resource
2017-10-09 15:05:31,072 [Worker-70] INFO  o.e.m.c.i.embedder.EclipseLogger - Copying 0 resource
2017-10-09 15:05:31,095 [Worker-70] INFO  o.e.m.c.i.embedder.EclipseLogger - Using 'UTF-8' encoding to copy filtered resources.
2017-10-09 15:05:31,101 [Worker-70] INFO  o.e.m.c.i.embedder.EclipseLogger - skip non existing resourceDirectory C:\Spring-boot\FB\gs-accessing-facebook\initial\src\test\resources
2017-10-09 15:05:46,706 [Worker-74] INFO  o.e.m.c.i.embedder.EclipseLogger - Using 'UTF-8' encoding to copy filtered resources.
2017-10-09 15:05:46,712 [Worker-74] INFO  o.e.m.c.i.embedder.EclipseLogger - Copying 1 resource
2017-10-09 15:05:46,734 [Worker-74] INFO  o.e.m.c.i.embedder.EclipseLogger - Copying 0 resource
2017-10-09 15:05:46,743 [Worker-74] INFO  o.e.m.c.i.embedder.EclipseLogger - Using 'UTF-8' encoding to copy filtered resources.
2017-10-09 15:05:46,743 [Worker-74] INFO  o.e.m.c.i.embedder.EclipseLogger - skip non existing resourceDirectory C:\Spring-boot\FB\gs-accessing-facebook\initial\src\test\resources
2017-10-09 15:06:39,672 [Worker-75] INFO  o.e.m.c.i.embedder.EclipseLogger - Using 'UTF-8' encoding to copy filtered resources.
2017-10-09 15:06:39,675 [Worker-75] INFO  o.e.m.c.i.embedder.EclipseLogger - Copying 1 resource
2017-10-09 15:06:39,681 [Worker-75] INFO  o.e.m.c.i.embedder.EclipseLogger - Copying 0 resource
2017-10-09 15:06:39,685 [Worker-75] INFO  o.e.m.c.i.embedder.EclipseLogger - Using 'UTF-8' encoding to copy filtered resources.
2017-10-09 15:06:39,700 [Worker-75] INFO  o.e.m.c.i.embedder.EclipseLogger - skip non existing resourceDirectory C:\Spring-boot\FB\gs-accessing-facebook\initial\src\test\resources
2017-10-09 15:07:39,139 [Worker-78] INFO  o.e.m.c.i.embedder.EclipseLogger - Using 'UTF-8' encoding to copy filtered resources.
2017-10-09 15:07:39,167 [Worker-78] INFO  o.e.m.c.i.embedder.EclipseLogger - Copying 0 resource
2017-10-09 15:07:39,174 [Worker-78] INFO  o.e.m.c.i.embedder.EclipseLogger - Copying 0 resource
2017-10-09 15:07:39,184 [Worker-78] INFO  o.e.m.c.i.embedder.EclipseLogger - Using 'UTF-8' encoding to copy filtered resources.
2017-10-09 15:07:39,185 [Worker-78] INFO  o.e.m.c.i.embedder.EclipseLogger - skip non existing resourceDirectory C:\Spring-boot\FB\gs-accessing-facebook\initial\src\test\resources
2017-10-09 15:07:48,728 [Worker-70] INFO  o.e.m.c.i.embedder.EclipseLogger - Using 'UTF-8' encoding to copy filtered resources.
2017-10-09 15:07:48,729 [Worker-70] INFO  o.e.m.c.i.embedder.EclipseLogger - Copying 0 resource
2017-10-09 15:07:48,735 [Worker-70] INFO  o.e.m.c.i.embedder.EclipseLogger - Copying 0 resource
2017-10-09 15:07:48,743 [Worker-70] INFO  o.e.m.c.i.embedder.EclipseLogger - Using 'UTF-8' encoding to copy filtered resources.
2017-10-09 15:07:48,749 [Worker-70] INFO  o.e.m.c.i.embedder.EclipseLogger - skip non existing resourceDirectory C:\Spring-boot\FB\gs-accessing-facebook\initial\src\test\resources
2017-10-09 15:08:01,799 [Worker-70] INFO  o.e.m.c.i.embedder.EclipseLogger - Using 'UTF-8' encoding to copy filtered resources.
2017-10-09 15:08:01,807 [Worker-70] INFO  o.e.m.c.i.embedder.EclipseLogger - Copying 0 resource
2017-10-09 15:08:01,814 [Worker-70] INFO  o.e.m.c.i.embedder.EclipseLogger - Copying 1 resource
2017-10-09 15:08:01,830 [Worker-70] INFO  o.e.m.c.i.embedder.EclipseLogger - Using 'UTF-8' encoding to copy filtered resources.
2017-10-09 15:08:01,830 [Worker-70] INFO  o.e.m.c.i.embedder.EclipseLogger - skip non existing resourceDirectory C:\Spring-boot\FB\gs-accessing-facebook\initial\src\test\resources
2017-10-09 15:08:10,851 [Worker-70] INFO  o.e.m.c.i.embedder.EclipseLogger - Using 'UTF-8' encoding to copy filtered resources.
2017-10-09 15:08:10,851 [Worker-70] INFO  o.e.m.c.i.embedder.EclipseLogger - Copying 0 resource
2017-10-09 15:08:10,852 [Worker-70] INFO  o.e.m.c.i.embedder.EclipseLogger - Copying 1 resource
2017-10-09 15:08:10,859 [Worker-70] INFO  o.e.m.c.i.embedder.EclipseLogger - Using 'UTF-8' encoding to copy filtered resources.
2017-10-09 15:08:10,860 [Worker-70] INFO  o.e.m.c.i.embedder.EclipseLogger - skip non existing resourceDirectory C:\Spring-boot\FB\gs-accessing-facebook\initial\src\test\resources
2017-10-09 15:08:38,646 [Worker-76] INFO  o.e.m.c.i.embedder.EclipseLogger - Using 'UTF-8' encoding to copy filtered resources.
2017-10-09 15:08:38,647 [Worker-76] INFO  o.e.m.c.i.embedder.EclipseLogger - Copying 0 resource
2017-10-09 15:08:38,649 [Worker-76] INFO  o.e.m.c.i.embedder.EclipseLogger - Copying 1 resource
2017-10-09 15:08:38,666 [Worker-76] INFO  o.e.m.c.i.embedder.EclipseLogger - Using 'UTF-8' encoding to copy filtered resources.
2017-10-09 15:08:38,666 [Worker-76] INFO  o.e.m.c.i.embedder.EclipseLogger - skip non existing resourceDirectory C:\Spring-boot\FB\gs-accessing-facebook\initial\src\test\resources
2017-10-09 15:09:46,405 [Worker-74] INFO  o.e.m.c.i.embedder.EclipseLogger - Using 'UTF-8' encoding to copy filtered resources.
2017-10-09 15:09:46,405 [Worker-74] INFO  o.e.m.c.i.embedder.EclipseLogger - Copying 0 resource
2017-10-09 15:09:46,419 [Worker-74] INFO  o.e.m.c.i.embedder.EclipseLogger - Copying 1 resource
2017-10-09 15:09:46,441 [Worker-74] INFO  o.e.m.c.i.embedder.EclipseLogger - Using 'UTF-8' encoding to copy filtered resources.
2017-10-09 15:09:46,449 [Worker-74] INFO  o.e.m.c.i.embedder.EclipseLogger - skip non existing resourceDirectory C:\Spring-boot\FB\gs-accessing-facebook\initial\src\test\resources
2017-10-09 15:10:36,528 [Worker-78] INFO  o.e.m.c.i.embedder.EclipseLogger - Using 'UTF-8' encoding to copy filtered resources.
2017-10-09 15:10:36,552 [Worker-78] INFO  o.e.m.c.i.embedder.EclipseLogger - Copying 1 resource
2017-10-09 15:10:36,579 [Worker-78] INFO  o.e.m.c.i.embedder.EclipseLogger - Copying 2 resources
2017-10-09 15:10:36,594 [Worker-78] INFO  o.e.m.c.i.embedder.EclipseLogger - Using 'UTF-8' encoding to copy filtered resources.
2017-10-09 15:10:36,594 [Worker-78] INFO  o.e.m.c.i.embedder.EclipseLogger - skip non existing resourceDirectory C:\Spring-boot\FB\gs-accessing-facebook\initial\src\test\resources
2017-10-09 15:10:47,904 [Worker-70] INFO  o.e.m.c.i.embedder.EclipseLogger - Using 'UTF-8' encoding to copy filtered resources.
2017-10-09 15:10:47,907 [Worker-70] INFO  o.e.m.c.i.embedder.EclipseLogger - Copying 1 resource
2017-10-09 15:10:47,913 [Worker-70] INFO  o.e.m.c.i.embedder.EclipseLogger - Copying 2 resources
2017-10-09 15:10:47,916 [Worker-70] INFO  o.e.m.c.i.embedder.EclipseLogger - Using 'UTF-8' encoding to copy filtered resources.
2017-10-09 15:10:47,922 [Worker-70] INFO  o.e.m.c.i.embedder.EclipseLogger - skip non existing resourceDirectory C:\Spring-boot\FB\gs-accessing-facebook\initial\src\test\resources
2017-10-09 15:12:26,337 [Worker-74] INFO  o.e.m.c.i.embedder.EclipseLogger - Using 'UTF-8' encoding to copy filtered resources.
2017-10-09 15:12:26,348 [Worker-74] INFO  o.e.m.c.i.embedder.EclipseLogger - Copying 0 resource
2017-10-09 15:12:26,359 [Worker-74] INFO  o.e.m.c.i.embedder.EclipseLogger - Copying 1 resource
2017-10-09 15:12:26,388 [Worker-74] INFO  o.e.m.c.i.embedder.EclipseLogger - Using 'UTF-8' encoding to copy filtered resources.
2017-10-09 15:12:26,388 [Worker-74] INFO  o.e.m.c.i.embedder.EclipseLogger - skip non existing resourceDirectory C:\Spring-boot\FB\gs-accessing-facebook\initial\src\test\resources
2017-10-09 15:12:29,225 [Worker-77] INFO  o.e.m.c.i.embedder.EclipseLogger - Using 'UTF-8' encoding to copy filtered resources.
2017-10-09 15:12:29,226 [Worker-77] INFO  o.e.m.c.i.embedder.EclipseLogger - Copying 0 resource
2017-10-09 15:12:29,233 [Worker-77] INFO  o.e.m.c.i.embedder.EclipseLogger - Copying 1 resource
2017-10-09 15:12:29,251 [Worker-77] INFO  o.e.m.c.i.embedder.EclipseLogger - Using 'UTF-8' encoding to copy filtered resources.
2017-10-09 15:12:29,263 [Worker-77] INFO  o.e.m.c.i.embedder.EclipseLogger - skip non existing resourceDirectory C:\Spring-boot\FB\gs-accessing-facebook\initial\src\test\resources
2017-10-09 15:12:57,031 [Worker-74] INFO  o.e.m.c.i.embedder.EclipseLogger - Using 'UTF-8' encoding to copy filtered resources.
2017-10-09 15:12:57,046 [Worker-74] INFO  o.e.m.c.i.embedder.EclipseLogger - Copying 1 resource
2017-10-09 15:12:57,059 [Worker-74] INFO  o.e.m.c.i.embedder.EclipseLogger - Copying 3 resources
2017-10-09 15:12:57,071 [Worker-74] INFO  o.e.m.c.i.embedder.EclipseLogger - Using 'UTF-8' encoding to copy filtered resources.
2017-10-09 15:12:57,072 [Worker-74] INFO  o.e.m.c.i.embedder.EclipseLogger - skip non existing resourceDirectory C:\Spring-boot\FB\gs-accessing-facebook\initial\src\test\resources
2017-10-09 15:13:03,719 [Worker-75] INFO  o.e.m.c.i.embedder.EclipseLogger - Using 'UTF-8' encoding to copy filtered resources.
2017-10-09 15:13:03,722 [Worker-75] INFO  o.e.m.c.i.embedder.EclipseLogger - Copying 1 resource
2017-10-09 15:13:03,743 [Worker-75] INFO  o.e.m.c.i.embedder.EclipseLogger - Copying 3 resources
2017-10-09 15:13:03,745 [Worker-75] INFO  o.e.m.c.i.embedder.EclipseLogger - Using 'UTF-8' encoding to copy filtered resources.
2017-10-09 15:13:03,745 [Worker-75] INFO  o.e.m.c.i.embedder.EclipseLogger - skip non existing resourceDirectory C:\Spring-boot\FB\gs-accessing-facebook\initial\src\test\resources
2017-10-09 15:41:13,125 [Worker-79] INFO  o.e.m.c.i.l.LifecycleMappingFactory - Using org.maven.ide.eclipse.wtp.WarLifecycleMapping lifecycle mapping for MavenProject: org.springframework:gs-accessing-facebook:0.1.0 @ C:\Spring-boot\FB\gs-accessing-facebook\initial\pom.xml.
2017-10-09 15:41:15,917 [Worker-79] INFO  o.e.m.c.i.embedder.EclipseLogger - Using 'UTF-8' encoding to copy filtered resources.
2017-10-09 15:41:15,919 [Worker-79] INFO  o.e.m.c.i.embedder.EclipseLogger - Copying 0 resource
2017-10-09 15:41:15,926 [Worker-79] INFO  o.e.m.c.i.embedder.EclipseLogger - Copying 0 resource
2017-10-09 15:41:15,929 [Worker-79] INFO  o.e.m.c.i.embedder.EclipseLogger - Using 'UTF-8' encoding to copy filtered resources.
2017-10-09 15:41:15,939 [Worker-79] INFO  o.e.m.c.i.embedder.EclipseLogger - skip non existing resourceDirectory C:\Spring-boot\FB\gs-accessing-facebook\initial\src\test\resources
2017-10-09 15:41:15,945 [Worker-79] INFO  o.e.m.w.i.f.ResourceFilteringBuildParticipant - Changed resources require a complete clean of filtered resources of gs-accessing-facebook
2017-10-09 15:41:15,956 [Worker-79] INFO  o.e.m.w.i.f.ResourceFilteringBuildParticipant - Executing resource filtering for gs-accessing-facebook
2017-10-09 15:41:16,825 [Worker-79] INFO  o.e.m.c.i.embedder.EclipseLogger - Using 'UTF-8' encoding to copy filtered resources.
2017-10-09 15:41:36,527 [Worker-88] INFO  o.e.m.c.i.p.ProjectConfigurationManager - Update started
2017-10-09 15:41:37,446 [Worker-88] INFO  o.e.m.c.i.l.LifecycleMappingFactory - Using org.maven.ide.eclipse.wtp.WarLifecycleMapping lifecycle mapping for MavenProject: org.springframework:gs-accessing-facebook:0.1.0 @ C:\Spring-boot\FB\gs-accessing-facebook\initial\pom.xml.
2017-10-09 15:41:38,653 [Worker-88] INFO  o.e.m.j.i.AbstractJavaProjectConfigurator - Adding source folder /gs-accessing-facebook/src/main/java
2017-10-09 15:41:38,654 [Worker-88] INFO  o.e.m.j.i.AbstractJavaProjectConfigurator - Adding resource folder /gs-accessing-facebook/src/main/resources
2017-10-09 15:41:38,698 [Worker-88] INFO  o.e.m.j.i.AbstractJavaProjectConfigurator - Adding resource folder /gs-accessing-facebook/src/main/resources
2017-10-09 15:41:38,707 [Worker-88] INFO  o.e.m.j.i.AbstractJavaProjectConfigurator - Adding source folder /gs-accessing-facebook/src/test/java
2017-10-09 15:41:43,884 [Worker-88] INFO  o.e.m.w.i.f.ResourceFilteringBuildParticipant - Cleaning filtered folder for gs-accessing-facebook
2017-10-09 15:41:44,713 [Worker-88] INFO  o.e.m.c.i.p.ProjectConfigurationManager - Update completed: 8 sec
2017-10-09 15:41:45,911 [Worker-99] INFO  o.e.m.c.i.embedder.EclipseLogger - Using 'UTF-8' encoding to copy filtered resources.
2017-10-09 15:41:45,913 [Worker-99] INFO  o.e.m.c.i.embedder.EclipseLogger - Copying 1 resource
2017-10-09 15:41:45,977 [Worker-99] INFO  o.e.m.c.i.embedder.EclipseLogger - Copying 3 resources
2017-10-09 15:41:46,035 [Worker-99] INFO  o.e.m.c.i.embedder.EclipseLogger - Using 'UTF-8' encoding to copy filtered resources.
2017-10-09 15:41:46,075 [Worker-99] INFO  o.e.m.c.i.embedder.EclipseLogger - skip non existing resourceDirectory C:\Spring-boot\FB\gs-accessing-facebook\initial\src\test\resources
2017-10-09 15:41:46,076 [Worker-99] INFO  o.e.m.w.i.f.ResourceFilteringBuildParticipant - Changed resources require a complete clean of filtered resources of gs-accessing-facebook
2017-10-09 15:41:46,085 [Worker-99] INFO  o.e.m.w.i.f.ResourceFilteringBuildParticipant - Executing resource filtering for gs-accessing-facebook
2017-10-09 15:41:46,092 [Worker-99] INFO  o.e.m.c.i.embedder.EclipseLogger - Using 'UTF-8' encoding to copy filtered resources.
2017-10-09 15:41:57,527 [Worker-88] INFO  o.e.m.i.launch.MavenLaunchDelegate - C:\Spring-boot\FB\gs-accessing-facebook\initial
2017-10-09 15:41:57,528 [Worker-88] INFO  o.e.m.i.launch.MavenLaunchDelegate -  mvn -B install
2017-10-09 15:43:07,726 [Worker-92] INFO  o.e.m.c.i.embedder.EclipseLogger - Using 'UTF-8' encoding to copy filtered resources.
2017-10-09 15:43:07,727 [Worker-92] INFO  o.e.m.c.i.embedder.EclipseLogger - Copying 0 resource
2017-10-09 15:43:07,735 [Worker-92] INFO  o.e.m.c.i.embedder.EclipseLogger - Copying 0 resource
2017-10-09 15:43:07,745 [Worker-92] INFO  o.e.m.c.i.embedder.EclipseLogger - Using 'UTF-8' encoding to copy filtered resources.
2017-10-09 15:43:07,753 [Worker-92] INFO  o.e.m.c.i.embedder.EclipseLogger - Copying 0 resource
2017-10-09 15:43:07,769 [Worker-92] INFO  o.e.m.c.i.embedder.EclipseLogger - Using 'UTF-8' encoding to copy filtered resources.
2017-10-09 15:43:07,771 [Worker-92] INFO  o.e.m.c.i.embedder.EclipseLogger - Copying 0 resource
2017-10-09 15:43:07,771 [Worker-92] INFO  o.e.m.c.i.embedder.EclipseLogger - Copying 0 resource
2017-10-09 15:43:07,780 [Worker-92] INFO  o.e.m.c.i.embedder.EclipseLogger - Using 'UTF-8' encoding to copy filtered resources.
2017-10-09 15:43:07,780 [Worker-92] INFO  o.e.m.c.i.embedder.EclipseLogger - skip non existing resourceDirectory C:\Spring-boot\FB\gs-accessing-facebook\initial\src\test\resources
2017-10-09 15:43:07,804 [Worker-92] INFO  o.e.m.c.i.embedder.EclipseLogger - Using 'UTF-8' encoding to copy filtered resources.
2017-10-09 15:43:07,805 [Worker-92] INFO  o.e.m.c.i.embedder.EclipseLogger - Copying 0 resource
2017-10-09 15:43:07,805 [Worker-92] INFO  o.e.m.c.i.embedder.EclipseLogger - Copying 0 resource
2017-10-09 15:43:07,808 [Worker-92] INFO  o.e.m.c.i.embedder.EclipseLogger - Using 'UTF-8' encoding to copy filtered resources.
2017-10-09 15:43:07,809 [Worker-92] INFO  o.e.m.c.i.embedder.EclipseLogger - skip non existing resourceDirectory C:\Spring-boot\kafka_blogpost-master-489be900799c88f1ad9bd71d0587006211cc2411\kafka_consumer\src\test\resources
2017-10-09 15:43:07,833 [Worker-92] INFO  o.e.m.c.i.embedder.EclipseLogger - Using 'UTF-8' encoding to copy filtered resources.
2017-10-09 15:43:07,844 [Worker-92] INFO  o.e.m.c.i.embedder.EclipseLogger - Copying 0 resource
2017-10-09 15:43:07,845 [Worker-92] INFO  o.e.m.c.i.embedder.EclipseLogger - Copying 0 resource
2017-10-09 15:43:07,849 [Worker-92] INFO  o.e.m.c.i.embedder.EclipseLogger - Using 'UTF-8' encoding to copy filtered resources.
2017-10-09 15:43:07,850 [Worker-92] INFO  o.e.m.c.i.embedder.EclipseLogger - skip non existing resourceDirectory C:\Spring-boot\kafka_blogpost-master-489be900799c88f1ad9bd71d0587006211cc2411\kafka_filter\src\test\resources
2017-10-09 15:43:07,869 [Worker-92] INFO  o.e.m.c.i.embedder.EclipseLogger - Using 'UTF-8' encoding to copy filtered resources.
2017-10-09 15:43:07,870 [Worker-92] INFO  o.e.m.c.i.embedder.EclipseLogger - Copying 0 resource
2017-10-09 15:43:07,870 [Worker-92] INFO  o.e.m.c.i.embedder.EclipseLogger - Copying 0 resource
2017-10-09 15:43:07,872 [Worker-92] INFO  o.e.m.c.i.embedder.EclipseLogger - Using 'UTF-8' encoding to copy filtered resources.
2017-10-09 15:43:07,879 [Worker-92] INFO  o.e.m.c.i.embedder.EclipseLogger - skip non existing resourceDirectory C:\Spring-boot\kafka_blogpost-master-489be900799c88f1ad9bd71d0587006211cc2411\kafka_producer\src\test\resources
2017-10-09 15:43:30,018 [Worker-79] INFO  o.e.m.c.i.embedder.EclipseLogger - Using 'UTF-8' encoding to copy filtered resources.
2017-10-09 15:43:30,020 [Worker-79] INFO  o.e.m.c.i.embedder.EclipseLogger - Copying 1 resource
2017-10-09 15:43:30,027 [Worker-79] INFO  o.e.m.c.i.embedder.EclipseLogger - Copying 3 resources
2017-10-09 15:43:30,055 [Worker-79] INFO  o.e.m.c.i.embedder.EclipseLogger - Using 'UTF-8' encoding to copy filtered resources.
2017-10-09 15:43:30,055 [Worker-79] INFO  o.e.m.c.i.embedder.EclipseLogger - skip non existing resourceDirectory C:\Spring-boot\FB\gs-accessing-facebook\initial\src\test\resources
2017-10-09 15:43:37,878 [Worker-99] INFO  o.e.m.i.launch.MavenLaunchDelegate - C:\Spring-boot\FB\gs-accessing-facebook\initial
2017-10-09 15:43:37,878 [Worker-99] INFO  o.e.m.i.launch.MavenLaunchDelegate -  mvn -B clean
2017-10-09 15:43:43,025 [Worker-90] INFO  o.e.m.c.i.embedder.EclipseLogger - Using 'UTF-8' encoding to copy filtered resources.
2017-10-09 15:43:43,027 [Worker-90] INFO  o.e.m.c.i.embedder.EclipseLogger - Copying 1 resource
2017-10-09 15:43:43,033 [Worker-90] INFO  o.e.m.c.i.embedder.EclipseLogger - Copying 3 resources
2017-10-09 15:43:43,052 [Worker-90] INFO  o.e.m.c.i.embedder.EclipseLogger - Using 'UTF-8' encoding to copy filtered resources.
2017-10-09 15:43:43,053 [Worker-90] INFO  o.e.m.c.i.embedder.EclipseLogger - skip non existing resourceDirectory C:\Spring-boot\FB\gs-accessing-facebook\initial\src\test\resources
2017-10-09 15:43:43,053 [Worker-90] INFO  o.e.m.w.i.f.ResourceFilteringBuildParticipant - Changed resources require a complete clean of filtered resources of gs-accessing-facebook
2017-10-09 15:43:43,053 [Worker-90] INFO  o.e.m.w.i.f.ResourceFilteringBuildParticipant - Executing resource filtering for gs-accessing-facebook
2017-10-09 15:43:43,058 [Worker-90] INFO  o.e.m.c.i.embedder.EclipseLogger - Using 'UTF-8' encoding to copy filtered resources.
2017-10-09 15:43:47,462 [Worker-99] INFO  o.e.m.i.launch.MavenLaunchDelegate - C:\Spring-boot\FB\gs-accessing-facebook\initial
2017-10-09 15:43:47,462 [Worker-99] INFO  o.e.m.i.launch.MavenLaunchDelegate -  mvn -B install
2017-10-09 15:47:07,574 [Worker-100] INFO  o.e.m.i.launch.MavenLaunchDelegate - C:\Spring-boot\FB\gs-accessing-facebook\initial
2017-10-09 15:47:07,575 [Worker-100] INFO  o.e.m.i.launch.MavenLaunchDelegate -  mvn -B install
2017-10-09 15:47:38,446 [Worker-98] INFO  o.e.m.c.i.embedder.EclipseLogger - Using 'UTF-8' encoding to copy filtered resources.
2017-10-09 15:47:38,449 [Worker-98] INFO  o.e.m.c.i.embedder.EclipseLogger - Copying 1 resource
2017-10-09 15:47:38,463 [Worker-98] INFO  o.e.m.c.i.embedder.EclipseLogger - Copying 3 resources
2017-10-09 15:47:38,468 [Worker-98] INFO  o.e.m.c.i.embedder.EclipseLogger - Using 'UTF-8' encoding to copy filtered resources.
2017-10-09 15:47:38,477 [Worker-98] INFO  o.e.m.c.i.embedder.EclipseLogger - skip non existing resourceDirectory C:\Spring-boot\FB\gs-accessing-facebook\initial\src\test\resources
2017-10-09 16:35:19,730 [Worker-124] INFO  o.e.m.c.i.l.LifecycleMappingFactory - Using org.eclipse.m2e.jdt.JarLifecycleMapping lifecycle mapping for MavenProject: com.example:spring-exception:0.0.1-SNAPSHOT @ C:\workspace\Spring-kafka\SpringException\pom.xml.
2017-10-09 16:35:22,008 [Worker-124] INFO  o.e.m.j.i.AbstractJavaProjectConfigurator - Adding source folder /SpringException/src/main/java
2017-10-09 16:35:22,015 [Worker-124] INFO  o.e.m.j.i.AbstractJavaProjectConfigurator - Adding resource folder /SpringException/src/main/resources
2017-10-09 16:35:22,036 [Worker-124] INFO  o.e.m.j.i.AbstractJavaProjectConfigurator - Adding resource folder /SpringException/src/main/resources
2017-10-09 16:35:22,057 [Worker-124] INFO  o.e.m.j.i.AbstractJavaProjectConfigurator - Adding source folder /SpringException/src/test/java
2017-10-09 16:35:22,600 [Worker-124] INFO  o.e.m.c.i.p.ProjectConfigurationManager - Imported and configured 1 project(s) in 4 sec
2017-10-09 16:35:22,603 [Worker-124] INFO  o.e.m.c.i.p.ProjectConfigurationManager - Update started
2017-10-09 16:35:22,919 [Worker-124] INFO  o.e.m.c.i.l.LifecycleMappingFactory - Using org.eclipse.m2e.jdt.JarLifecycleMapping lifecycle mapping for MavenProject: com.example:spring-exception:0.0.1-SNAPSHOT @ C:\workspace\Spring-kafka\SpringException\pom.xml.
2017-10-09 16:35:24,143 [Worker-124] INFO  o.e.m.j.i.AbstractJavaProjectConfigurator - Adding source folder /SpringException/src/main/java
2017-10-09 16:35:24,143 [Worker-124] INFO  o.e.m.j.i.AbstractJavaProjectConfigurator - Adding resource folder /SpringException/src/main/resources
2017-10-09 16:35:24,147 [Worker-124] INFO  o.e.m.j.i.AbstractJavaProjectConfigurator - Adding resource folder /SpringException/src/main/resources
2017-10-09 16:35:24,211 [Worker-124] INFO  o.e.m.j.i.AbstractJavaProjectConfigurator - Adding source folder /SpringException/src/test/java
2017-10-09 16:35:26,007 [Worker-124] INFO  o.e.m.c.i.p.ProjectConfigurationManager - Update completed: 3 sec
2017-10-09 16:35:27,790 [Worker-115] INFO  o.e.m.c.i.embedder.EclipseLogger - Using 'UTF-8' encoding to copy filtered resources.
2017-10-09 16:35:27,801 [Worker-115] INFO  o.e.m.c.i.embedder.EclipseLogger - Copying 1 resource
2017-10-09 16:35:27,831 [Worker-115] INFO  o.e.m.c.i.embedder.EclipseLogger - Copying 0 resource
2017-10-09 16:35:27,834 [Worker-115] INFO  o.e.m.c.i.embedder.EclipseLogger - Using 'UTF-8' encoding to copy filtered resources.
2017-10-09 16:35:27,844 [Worker-115] INFO  o.e.m.c.i.embedder.EclipseLogger - skip non existing resourceDirectory C:\workspace\Spring-kafka\SpringException\src\test\resources
2017-10-09 16:36:09,657 [Worker-120] INFO  o.e.m.c.i.embedder.EclipseLogger - Using 'UTF-8' encoding to copy filtered resources.
2017-10-09 16:36:09,670 [Worker-120] INFO  o.e.m.c.i.embedder.EclipseLogger - Copying 1 resource
2017-10-09 16:36:09,682 [Worker-120] INFO  o.e.m.c.i.embedder.EclipseLogger - Copying 0 resource
2017-10-09 16:36:09,692 [Worker-120] INFO  o.e.m.c.i.embedder.EclipseLogger - Using 'UTF-8' encoding to copy filtered resources.
2017-10-09 16:36:09,692 [Worker-120] INFO  o.e.m.c.i.embedder.EclipseLogger - skip non existing resourceDirectory C:\workspace\Spring-kafka\SpringException\src\test\resources
2017-10-09 16:37:45,400 [Worker-125] INFO  o.e.m.c.i.embedder.EclipseLogger - Using 'UTF-8' encoding to copy filtered resources.
2017-10-09 16:37:45,402 [Worker-125] INFO  o.e.m.c.i.embedder.EclipseLogger - Copying 1 resource
2017-10-09 16:37:45,406 [Worker-125] INFO  o.e.m.c.i.embedder.EclipseLogger - Copying 0 resource
2017-10-09 16:37:45,409 [Worker-125] INFO  o.e.m.c.i.embedder.EclipseLogger - Using 'UTF-8' encoding to copy filtered resources.
2017-10-09 16:37:45,410 [Worker-125] INFO  o.e.m.c.i.embedder.EclipseLogger - skip non existing resourceDirectory C:\workspace\Spring-kafka\SpringException\src\test\resources
2017-10-09 16:38:00,523 [Worker-119] INFO  o.e.m.c.i.embedder.EclipseLogger - Using 'UTF-8' encoding to copy filtered resources.
2017-10-09 16:38:00,524 [Worker-119] INFO  o.e.m.c.i.embedder.EclipseLogger - Copying 1 resource
2017-10-09 16:38:00,527 [Worker-119] INFO  o.e.m.c.i.embedder.EclipseLogger - Copying 0 resource
2017-10-09 16:38:00,534 [Worker-119] INFO  o.e.m.c.i.embedder.EclipseLogger - Using 'UTF-8' encoding to copy filtered resources.
2017-10-09 16:38:00,534 [Worker-119] INFO  o.e.m.c.i.embedder.EclipseLogger - skip non existing resourceDirectory C:\workspace\Spring-kafka\SpringException\src\test\resources
2017-10-09 16:38:32,009 [Worker-121] INFO  o.e.m.c.i.embedder.EclipseLogger - Using 'UTF-8' encoding to copy filtered resources.
2017-10-09 16:38:32,013 [Worker-121] INFO  o.e.m.c.i.embedder.EclipseLogger - Copying 1 resource
2017-10-09 16:38:32,029 [Worker-121] INFO  o.e.m.c.i.embedder.EclipseLogger - Copying 0 resource
2017-10-09 16:38:32,045 [Worker-121] INFO  o.e.m.c.i.embedder.EclipseLogger - Using 'UTF-8' encoding to copy filtered resources.
2017-10-09 16:38:32,057 [Worker-121] INFO  o.e.m.c.i.embedder.EclipseLogger - skip non existing resourceDirectory C:\workspace\Spring-kafka\SpringException\src\test\resources
2017-10-09 16:39:11,256 [Worker-121] INFO  o.e.m.c.i.embedder.EclipseLogger - Using 'UTF-8' encoding to copy filtered resources.
2017-10-09 16:39:11,265 [Worker-121] INFO  o.e.m.c.i.embedder.EclipseLogger - Copying 1 resource
2017-10-09 16:39:11,275 [Worker-121] INFO  o.e.m.c.i.embedder.EclipseLogger - Copying 0 resource
2017-10-09 16:39:11,285 [Worker-121] INFO  o.e.m.c.i.embedder.EclipseLogger - Using 'UTF-8' encoding to copy filtered resources.
2017-10-09 16:39:11,285 [Worker-121] INFO  o.e.m.c.i.embedder.EclipseLogger - skip non existing resourceDirectory C:\workspace\Spring-kafka\SpringException\src\test\resources
2017-10-09 16:39:19,759 [Worker-125] INFO  o.e.m.c.i.embedder.EclipseLogger - Using 'UTF-8' encoding to copy filtered resources.
2017-10-09 16:39:19,761 [Worker-125] INFO  o.e.m.c.i.embedder.EclipseLogger - Copying 1 resource
2017-10-09 16:39:19,764 [Worker-125] INFO  o.e.m.c.i.embedder.EclipseLogger - Copying 0 resource
2017-10-09 16:39:19,766 [Worker-125] INFO  o.e.m.c.i.embedder.EclipseLogger - Using 'UTF-8' encoding to copy filtered resources.
2017-10-09 16:39:19,773 [Worker-125] INFO  o.e.m.c.i.embedder.EclipseLogger - skip non existing resourceDirectory C:\workspace\Spring-kafka\SpringException\src\test\resources
2017-10-09 16:39:34,810 [Worker-121] INFO  o.e.m.c.i.embedder.EclipseLogger - Using 'UTF-8' encoding to copy filtered resources.
2017-10-09 16:39:34,833 [Worker-121] INFO  o.e.m.c.i.embedder.EclipseLogger - Copying 1 resource
2017-10-09 16:39:34,861 [Worker-121] INFO  o.e.m.c.i.embedder.EclipseLogger - Copying 0 resource
2017-10-09 16:39:34,887 [Worker-121] INFO  o.e.m.c.i.embedder.EclipseLogger - Using 'UTF-8' encoding to copy filtered resources.
2017-10-09 16:39:34,887 [Worker-121] INFO  o.e.m.c.i.embedder.EclipseLogger - skip non existing resourceDirectory C:\workspace\Spring-kafka\SpringException\src\test\resources
2017-10-09 16:40:12,513 [Worker-125] INFO  o.e.m.c.i.embedder.EclipseLogger - Using 'UTF-8' encoding to copy filtered resources.
2017-10-09 16:40:12,519 [Worker-125] INFO  o.e.m.c.i.embedder.EclipseLogger - Copying 1 resource
2017-10-09 16:40:12,557 [Worker-125] INFO  o.e.m.c.i.embedder.EclipseLogger - Copying 0 resource
2017-10-09 16:40:12,579 [Worker-125] INFO  o.e.m.c.i.embedder.EclipseLogger - Using 'UTF-8' encoding to copy filtered resources.
2017-10-09 16:40:12,588 [Worker-125] INFO  o.e.m.c.i.embedder.EclipseLogger - skip non existing resourceDirectory C:\workspace\Spring-kafka\SpringException\src\test\resources
2017-10-09 16:41:41,070 [Worker-119] INFO  o.e.m.c.i.embedder.EclipseLogger - Using 'UTF-8' encoding to copy filtered resources.
2017-10-09 16:41:41,086 [Worker-119] INFO  o.e.m.c.i.embedder.EclipseLogger - Copying 1 resource
2017-10-09 16:41:41,104 [Worker-119] INFO  o.e.m.c.i.embedder.EclipseLogger - Copying 0 resource
2017-10-09 16:41:41,120 [Worker-119] INFO  o.e.m.c.i.embedder.EclipseLogger - Using 'UTF-8' encoding to copy filtered resources.
2017-10-09 16:41:41,120 [Worker-119] INFO  o.e.m.c.i.embedder.EclipseLogger - skip non existing resourceDirectory C:\workspace\Spring-kafka\SpringException\src\test\resources
2017-10-09 16:42:32,137 [Worker-125] INFO  o.e.m.c.i.embedder.EclipseLogger - Using 'UTF-8' encoding to copy filtered resources.
2017-10-09 16:42:32,140 [Worker-125] INFO  o.e.m.c.i.embedder.EclipseLogger - Copying 1 resource
2017-10-09 16:42:32,151 [Worker-125] INFO  o.e.m.c.i.embedder.EclipseLogger - Copying 0 resource
2017-10-09 16:42:32,154 [Worker-125] INFO  o.e.m.c.i.embedder.EclipseLogger - Using 'UTF-8' encoding to copy filtered resources.
2017-10-09 16:42:32,154 [Worker-125] INFO  o.e.m.c.i.embedder.EclipseLogger - skip non existing resourceDirectory C:\workspace\Spring-kafka\SpringException\src\test\resources
2017-10-09 16:44:36,758 [Worker-124] INFO  o.e.m.c.i.embedder.EclipseLogger - Using 'UTF-8' encoding to copy filtered resources.
2017-10-09 16:44:36,761 [Worker-124] INFO  o.e.m.c.i.embedder.EclipseLogger - Copying 1 resource
2017-10-09 16:44:36,764 [Worker-124] INFO  o.e.m.c.i.embedder.EclipseLogger - Copying 0 resource
2017-10-09 16:44:36,775 [Worker-124] INFO  o.e.m.c.i.embedder.EclipseLogger - Using 'UTF-8' encoding to copy filtered resources.
2017-10-09 16:44:36,775 [Worker-124] INFO  o.e.m.c.i.embedder.EclipseLogger - skip non existing resourceDirectory C:\workspace\Spring-kafka\SpringException\src\test\resources
2017-10-09 20:55:36,955 [Worker-201] INFO  o.e.m.c.i.l.LifecycleMappingFactory - Using org.eclipse.m2e.jdt.JarLifecycleMapping lifecycle mapping for MavenProject: com.example.security:ldap-security:0.0.1-SNAPSHOT @ C:\Spring-boot\ldap-security\pom.xml.
2017-10-09 20:55:37,135 [Worker-201] INFO  o.e.m.c.i.e.AbstractTransferListenerAdapter - Downloading https://repo.maven.apache.org/maven2/org/springframework/boot/spring-boot-starter-data-ldap/1.5.7.RELEASE/spring-boot-starter-data-ldap-1.5.7.RELEASE.pom
2017-10-09 20:55:37,219 [Worker-201] INFO  o.e.m.c.i.e.AbstractTransferListenerAdapter - Downloaded https://repo.maven.apache.org/maven2/org/springframework/boot/spring-boot-starter-data-ldap/1.5.7.RELEASE/spring-boot-starter-data-ldap-1.5.7.RELEASE.pom
2017-10-09 20:55:38,477 [Worker-201] INFO  o.e.m.c.i.e.AbstractTransferListenerAdapter - Downloading https://repo.maven.apache.org/maven2/org/springframework/data/spring-data-ldap/1.0.7.RELEASE/spring-data-ldap-1.0.7.RELEASE.pom
2017-10-09 20:55:38,613 [Worker-201] INFO  o.e.m.c.i.e.AbstractTransferListenerAdapter - Downloaded https://repo.maven.apache.org/maven2/org/springframework/data/spring-data-ldap/1.0.7.RELEASE/spring-data-ldap-1.0.7.RELEASE.pom
2017-10-09 20:55:38,797 [Worker-201] INFO  o.e.m.c.i.e.AbstractTransferListenerAdapter - Downloading https://repo.maven.apache.org/maven2/org/springframework/ldap/spring-ldap-core/2.3.1.RELEASE/spring-ldap-core-2.3.1.RELEASE.pom
2017-10-09 20:55:38,867 [Worker-201] INFO  o.e.m.c.i.e.AbstractTransferListenerAdapter - Downloaded https://repo.maven.apache.org/maven2/org/springframework/ldap/spring-ldap-core/2.3.1.RELEASE/spring-ldap-core-2.3.1.RELEASE.pom
2017-10-09 20:55:41,246 [Worker-201] INFO  o.e.m.c.i.e.AbstractTransferListenerAdapter - Downloading https://repo.maven.apache.org/maven2/org/springframework/security/spring-security-test/4.2.3.RELEASE/spring-security-test-4.2.3.RELEASE.pom
2017-10-09 20:55:41,303 [Worker-201] INFO  o.e.m.c.i.e.AbstractTransferListenerAdapter - Downloaded https://repo.maven.apache.org/maven2/org/springframework/security/spring-security-test/4.2.3.RELEASE/spring-security-test-4.2.3.RELEASE.pom
2017-10-09 20:55:41,557 [Worker-201] INFO  o.e.m.c.i.e.AbstractTransferListenerAdapter - Downloading https://repo.maven.apache.org/maven2/org/springframework/boot/spring-boot-starter-data-ldap/1.5.7.RELEASE/spring-boot-starter-data-ldap-1.5.7.RELEASE.jar
2017-10-09 20:55:41,644 [Worker-201] INFO  o.e.m.c.i.e.AbstractTransferListenerAdapter - Downloaded https://repo.maven.apache.org/maven2/org/springframework/boot/spring-boot-starter-data-ldap/1.5.7.RELEASE/spring-boot-starter-data-ldap-1.5.7.RELEASE.jar
2017-10-09 20:55:41,665 [Worker-201] INFO  o.e.m.c.i.e.AbstractTransferListenerAdapter - Downloading https://repo.maven.apache.org/maven2/org/springframework/data/spring-data-ldap/1.0.7.RELEASE/spring-data-ldap-1.0.7.RELEASE.jar
2017-10-09 20:55:42,482 [Worker-201] INFO  o.e.m.c.i.e.AbstractTransferListenerAdapter - Downloaded https://repo.maven.apache.org/maven2/org/springframework/data/spring-data-ldap/1.0.7.RELEASE/spring-data-ldap-1.0.7.RELEASE.jar
2017-10-09 20:55:42,525 [Worker-201] INFO  o.e.m.c.i.e.AbstractTransferListenerAdapter - Downloading https://repo.maven.apache.org/maven2/org/springframework/ldap/spring-ldap-core/2.3.1.RELEASE/spring-ldap-core-2.3.1.RELEASE.jar
2017-10-09 20:55:42,918 [Worker-201] INFO  o.e.m.c.i.e.AbstractTransferListenerAdapter - Downloaded https://repo.maven.apache.org/maven2/org/springframework/ldap/spring-ldap-core/2.3.1.RELEASE/spring-ldap-core-2.3.1.RELEASE.jar
2017-10-09 20:55:42,954 [Worker-201] INFO  o.e.m.c.i.e.AbstractTransferListenerAdapter - Downloading https://repo.maven.apache.org/maven2/org/springframework/security/spring-security-test/4.2.3.RELEASE/spring-security-test-4.2.3.RELEASE.jar
2017-10-09 20:55:43,798 [Worker-201] INFO  o.e.m.c.i.e.AbstractTransferListenerAdapter - Downloaded https://repo.maven.apache.org/maven2/org/springframework/security/spring-security-test/4.2.3.RELEASE/spring-security-test-4.2.3.RELEASE.jar
2017-10-09 20:55:46,316 [Worker-201] INFO  o.e.m.j.i.AbstractJavaProjectConfigurator - Adding source folder /ldap-security/src/main/java
2017-10-09 20:55:46,323 [Worker-201] INFO  o.e.m.j.i.AbstractJavaProjectConfigurator - Adding resource folder /ldap-security/src/main/resources
2017-10-09 20:55:46,373 [Worker-201] INFO  o.e.m.j.i.AbstractJavaProjectConfigurator - Adding resource folder /ldap-security/src/main/resources
2017-10-09 20:55:46,407 [Worker-201] INFO  o.e.m.j.i.AbstractJavaProjectConfigurator - Adding source folder /ldap-security/src/test/java
2017-10-09 20:55:47,295 [Worker-201] INFO  o.e.m.c.i.p.ProjectConfigurationManager - Imported and configured 1 project(s) in 13 sec
2017-10-09 20:55:49,061 [Worker-203] INFO  o.e.m.c.i.embedder.EclipseLogger - Using 'UTF-8' encoding to copy filtered resources.
2017-10-09 20:55:49,070 [Worker-203] INFO  o.e.m.c.i.embedder.EclipseLogger - Copying 1 resource
2017-10-09 20:55:49,077 [Worker-203] INFO  o.e.m.c.i.embedder.EclipseLogger - Copying 0 resource
2017-10-09 20:55:49,080 [Worker-203] INFO  o.e.m.c.i.embedder.EclipseLogger - Using 'UTF-8' encoding to copy filtered resources.
2017-10-09 20:55:49,088 [Worker-203] INFO  o.e.m.c.i.embedder.EclipseLogger - skip non existing resourceDirectory C:\Spring-boot\ldap-security\src\test\resources
2017-10-09 20:55:50,620 [Worker-203] INFO  o.e.m.c.i.embedder.EclipseLogger - Using 'UTF-8' encoding to copy filtered resources.
2017-10-09 20:55:50,621 [Worker-203] INFO  o.e.m.c.i.embedder.EclipseLogger - Copying 0 resource
2017-10-09 20:55:50,621 [Worker-203] INFO  o.e.m.c.i.embedder.EclipseLogger - Copying 0 resource
2017-10-09 20:55:50,649 [Worker-203] INFO  o.e.m.c.i.embedder.EclipseLogger - Using 'UTF-8' encoding to copy filtered resources.
2017-10-09 20:55:50,735 [Worker-203] INFO  o.e.m.c.i.embedder.EclipseLogger - skip non existing resourceDirectory C:\Spring-boot\ldap-security\src\test\resources
2017-10-09 20:59:02,247 [Worker-205] INFO  o.e.m.c.i.l.LifecycleMappingFactory - Using org.eclipse.m2e.jdt.JarLifecycleMapping lifecycle mapping for MavenProject: com.example.security:ldap-security:0.0.1-SNAPSHOT @ C:\Spring-boot\ldap-security\pom.xml.
2017-10-09 20:59:02,610 [Worker-205] INFO  o.e.m.c.i.e.AbstractTransferListenerAdapter - Downloading https://repo.maven.apache.org/maven2/org/springframework/security/spring-security-ldap/4.2.3.RELEASE/spring-security-ldap-4.2.3.RELEASE.pom
2017-10-09 20:59:02,685 [Worker-205] INFO  o.e.m.c.i.e.AbstractTransferListenerAdapter - Downloaded https://repo.maven.apache.org/maven2/org/springframework/security/spring-security-ldap/4.2.3.RELEASE/spring-security-ldap-4.2.3.RELEASE.pom
2017-10-09 20:59:02,739 [Worker-205] INFO  o.e.m.c.i.e.AbstractTransferListenerAdapter - Downloading https://repo.maven.apache.org/maven2/com/unboundid/unboundid-ldapsdk/3.2.1/unboundid-ldapsdk-3.2.1.pom
2017-10-09 20:59:02,783 [Worker-205] INFO  o.e.m.c.i.e.AbstractTransferListenerAdapter - Downloaded https://repo.maven.apache.org/maven2/com/unboundid/unboundid-ldapsdk/3.2.1/unboundid-ldapsdk-3.2.1.pom
2017-10-09 20:59:03,020 [Worker-205] INFO  o.e.m.c.i.e.AbstractTransferListenerAdapter - Downloading https://repo.maven.apache.org/maven2/org/springframework/security/spring-security-ldap/4.2.3.RELEASE/spring-security-ldap-4.2.3.RELEASE.jar
2017-10-09 20:59:03,206 [Worker-205] INFO  o.e.m.c.i.e.AbstractTransferListenerAdapter - Downloaded https://repo.maven.apache.org/maven2/org/springframework/security/spring-security-ldap/4.2.3.RELEASE/spring-security-ldap-4.2.3.RELEASE.jar
2017-10-09 20:59:03,235 [Worker-205] INFO  o.e.m.c.i.e.AbstractTransferListenerAdapter - Downloading https://repo.maven.apache.org/maven2/com/unboundid/unboundid-ldapsdk/3.2.1/unboundid-ldapsdk-3.2.1.jar
2017-10-09 20:59:05,830 [Worker-205] INFO  o.e.m.c.i.e.AbstractTransferListenerAdapter - Downloaded https://repo.maven.apache.org/maven2/com/unboundid/unboundid-ldapsdk/3.2.1/unboundid-ldapsdk-3.2.1.jar
2017-10-09 20:59:06,912 [Worker-205] INFO  o.e.m.c.i.embedder.EclipseLogger - Using 'UTF-8' encoding to copy filtered resources.
2017-10-09 20:59:06,921 [Worker-205] INFO  o.e.m.c.i.embedder.EclipseLogger - Copying 0 resource
2017-10-09 20:59:06,928 [Worker-205] INFO  o.e.m.c.i.embedder.EclipseLogger - Copying 0 resource
2017-10-09 20:59:06,941 [Worker-205] INFO  o.e.m.c.i.embedder.EclipseLogger - Using 'UTF-8' encoding to copy filtered resources.
2017-10-09 20:59:06,942 [Worker-205] INFO  o.e.m.c.i.embedder.EclipseLogger - skip non existing resourceDirectory C:\Spring-boot\ldap-security\src\test\resources
2017-10-09 20:59:09,193 [Worker-205] INFO  o.e.m.c.i.embedder.EclipseLogger - Using 'UTF-8' encoding to copy filtered resources.
2017-10-09 20:59:09,195 [Worker-205] INFO  o.e.m.c.i.embedder.EclipseLogger - Copying 1 resource
2017-10-09 20:59:09,198 [Worker-205] INFO  o.e.m.c.i.embedder.EclipseLogger - Copying 0 resource
2017-10-09 20:59:09,200 [Worker-205] INFO  o.e.m.c.i.embedder.EclipseLogger - Using 'UTF-8' encoding to copy filtered resources.
2017-10-09 20:59:09,200 [Worker-205] INFO  o.e.m.c.i.embedder.EclipseLogger - skip non existing resourceDirectory C:\Spring-boot\ldap-security\src\test\resources
2017-10-09 21:00:16,849 [Worker-209] INFO  o.e.m.c.i.embedder.EclipseLogger - Using 'UTF-8' encoding to copy filtered resources.
2017-10-09 21:00:16,851 [Worker-209] INFO  o.e.m.c.i.embedder.EclipseLogger - Copying 1 resource
2017-10-09 21:00:16,855 [Worker-209] INFO  o.e.m.c.i.embedder.EclipseLogger - Copying 0 resource
2017-10-09 21:00:16,865 [Worker-209] INFO  o.e.m.c.i.embedder.EclipseLogger - Using 'UTF-8' encoding to copy filtered resources.
2017-10-09 21:00:16,865 [Worker-209] INFO  o.e.m.c.i.embedder.EclipseLogger - skip non existing resourceDirectory C:\Spring-boot\ldap-security\src\test\resources
2017-10-09 21:00:33,967 [Worker-207] INFO  o.e.m.c.i.embedder.EclipseLogger - Using 'UTF-8' encoding to copy filtered resources.
2017-10-09 21:00:33,969 [Worker-207] INFO  o.e.m.c.i.embedder.EclipseLogger - Copying 1 resource
2017-10-09 21:00:33,978 [Worker-207] INFO  o.e.m.c.i.embedder.EclipseLogger - Copying 0 resource
2017-10-09 21:00:33,987 [Worker-207] INFO  o.e.m.c.i.embedder.EclipseLogger - Using 'UTF-8' encoding to copy filtered resources.
2017-10-09 21:00:33,995 [Worker-207] INFO  o.e.m.c.i.embedder.EclipseLogger - skip non existing resourceDirectory C:\Spring-boot\ldap-security\src\test\resources
2017-10-09 21:04:23,403 [Worker-203] INFO  o.e.m.c.i.embedder.EclipseLogger - Using 'UTF-8' encoding to copy filtered resources.
2017-10-09 21:04:23,416 [Worker-203] INFO  o.e.m.c.i.embedder.EclipseLogger - Copying 1 resource
2017-10-09 21:04:23,429 [Worker-203] INFO  o.e.m.c.i.embedder.EclipseLogger - Copying 0 resource
2017-10-09 21:04:23,441 [Worker-203] INFO  o.e.m.c.i.embedder.EclipseLogger - Using 'UTF-8' encoding to copy filtered resources.
2017-10-09 21:04:23,441 [Worker-203] INFO  o.e.m.c.i.embedder.EclipseLogger - skip non existing resourceDirectory C:\Spring-boot\ldap-security\src\test\resources
2017-10-09 21:04:34,222 [Worker-207] INFO  o.e.m.c.i.embedder.EclipseLogger - Using 'UTF-8' encoding to copy filtered resources.
2017-10-09 21:04:34,224 [Worker-207] INFO  o.e.m.c.i.embedder.EclipseLogger - Copying 1 resource
2017-10-09 21:04:34,227 [Worker-207] INFO  o.e.m.c.i.embedder.EclipseLogger - Copying 0 resource
2017-10-09 21:04:34,229 [Worker-207] INFO  o.e.m.c.i.embedder.EclipseLogger - Using 'UTF-8' encoding to copy filtered resources.
2017-10-09 21:04:34,235 [Worker-207] INFO  o.e.m.c.i.embedder.EclipseLogger - skip non existing resourceDirectory C:\Spring-boot\ldap-security\src\test\resources
2017-10-09 21:04:38,026 [Worker-207] INFO  o.e.m.c.i.embedder.EclipseLogger - Using 'UTF-8' encoding to copy filtered resources.
2017-10-09 21:04:38,035 [Worker-207] INFO  o.e.m.c.i.embedder.EclipseLogger - Copying 1 resource
2017-10-09 21:04:38,045 [Worker-207] INFO  o.e.m.c.i.embedder.EclipseLogger - Copying 0 resource
2017-10-09 21:04:38,052 [Worker-207] INFO  o.e.m.c.i.embedder.EclipseLogger - Using 'UTF-8' encoding to copy filtered resources.
2017-10-09 21:04:38,053 [Worker-207] INFO  o.e.m.c.i.embedder.EclipseLogger - skip non existing resourceDirectory C:\Spring-boot\ldap-security\src\test\resources
2017-10-09 21:06:41,745 [Worker-213] INFO  o.e.m.c.i.embedder.EclipseLogger - Using 'UTF-8' encoding to copy filtered resources.
2017-10-09 21:06:41,745 [Worker-213] INFO  o.e.m.c.i.embedder.EclipseLogger - Copying 1 resource
2017-10-09 21:06:41,755 [Worker-213] INFO  o.e.m.c.i.embedder.EclipseLogger - Copying 1 resource
2017-10-09 21:06:41,798 [Worker-213] INFO  o.e.m.c.i.embedder.EclipseLogger - Using 'UTF-8' encoding to copy filtered resources.
2017-10-09 21:06:41,804 [Worker-213] INFO  o.e.m.c.i.embedder.EclipseLogger - skip non existing resourceDirectory C:\Spring-boot\ldap-security\src\test\resources
2017-10-09 21:09:17,849 [Worker-217] INFO  o.e.m.c.i.embedder.EclipseLogger - Using 'UTF-8' encoding to copy filtered resources.
2017-10-09 21:09:17,856 [Worker-217] INFO  o.e.m.c.i.embedder.EclipseLogger - Copying 1 resource
2017-10-09 21:09:17,869 [Worker-217] INFO  o.e.m.c.i.embedder.EclipseLogger - Copying 1 resource
2017-10-09 21:09:17,876 [Worker-217] INFO  o.e.m.c.i.embedder.EclipseLogger - Using 'UTF-8' encoding to copy filtered resources.
2017-10-09 21:09:17,876 [Worker-217] INFO  o.e.m.c.i.embedder.EclipseLogger - skip non existing resourceDirectory C:\Spring-boot\ldap-security\src\test\resources
2017-10-09 21:09:30,297 [Worker-213] INFO  o.e.m.c.i.embedder.EclipseLogger - Using 'UTF-8' encoding to copy filtered resources.
2017-10-09 21:09:30,299 [Worker-213] INFO  o.e.m.c.i.embedder.EclipseLogger - Copying 1 resource
2017-10-09 21:09:30,304 [Worker-213] INFO  o.e.m.c.i.embedder.EclipseLogger - Copying 1 resource
2017-10-09 21:09:30,307 [Worker-213] INFO  o.e.m.c.i.embedder.EclipseLogger - Using 'UTF-8' encoding to copy filtered resources.
2017-10-09 21:09:30,307 [Worker-213] INFO  o.e.m.c.i.embedder.EclipseLogger - skip non existing resourceDirectory C:\Spring-boot\ldap-security\src\test\resources
2017-10-09 21:09:49,076 [Worker-220] INFO  o.e.m.c.i.embedder.EclipseLogger - Using 'UTF-8' encoding to copy filtered resources.
2017-10-09 21:09:49,078 [Worker-220] INFO  o.e.m.c.i.embedder.EclipseLogger - Copying 1 resource
2017-10-09 21:09:49,083 [Worker-220] INFO  o.e.m.c.i.embedder.EclipseLogger - Copying 1 resource
2017-10-09 21:09:49,094 [Worker-220] INFO  o.e.m.c.i.embedder.EclipseLogger - Using 'UTF-8' encoding to copy filtered resources.
2017-10-09 21:09:49,094 [Worker-220] INFO  o.e.m.c.i.embedder.EclipseLogger - skip non existing resourceDirectory C:\Spring-boot\ldap-security\src\test\resources
2017-10-09 23:29:13,463 [Worker-269] INFO  o.e.m.c.i.embedder.EclipseLogger - Using 'UTF-8' encoding to copy filtered resources.
2017-10-09 23:29:13,468 [Worker-269] INFO  o.e.m.c.i.embedder.EclipseLogger - Copying 1 resource
2017-10-09 23:29:13,518 [Worker-269] INFO  o.e.m.c.i.embedder.EclipseLogger - Copying 0 resource
2017-10-09 23:29:13,527 [Worker-269] INFO  o.e.m.c.i.embedder.EclipseLogger - Using 'UTF-8' encoding to copy filtered resources.
2017-10-09 23:29:13,533 [Worker-269] INFO  o.e.m.c.i.embedder.EclipseLogger - skip non existing resourceDirectory C:\Spring-boot\ldap-security\src\test\resources
2017-10-09 23:33:50,328 [Worker-271] INFO  o.e.m.c.i.e.AbstractTransferListenerAdapter - Downloading https://repo.maven.apache.org/maven2/org/springframework/security/spring-security-core/4.2.3.RELEASE/spring-security-core-4.2.3.RELEASE-sources.jar
2017-10-09 23:33:50,662 [Worker-271] INFO  o.e.m.c.i.e.AbstractTransferListenerAdapter - Downloaded https://repo.maven.apache.org/maven2/org/springframework/security/spring-security-core/4.2.3.RELEASE/spring-security-core-4.2.3.RELEASE-sources.jar
2017-10-09 23:33:51,025 [Worker-271] INFO  o.e.m.j.internal.DownloadSourcesJob - Downloaded sources for org.springframework.security:spring-security-core:4.2.3.RELEASE
2017-10-09 23:33:51,635 [Worker-268] INFO  o.e.m.c.i.embedder.EclipseLogger - Using 'UTF-8' encoding to copy filtered resources.
2017-10-09 23:33:51,642 [Worker-268] INFO  o.e.m.c.i.embedder.EclipseLogger - Copying 0 resource
2017-10-09 23:33:51,650 [Worker-268] INFO  o.e.m.c.i.embedder.EclipseLogger - Copying 0 resource
2017-10-09 23:33:51,653 [Worker-268] INFO  o.e.m.c.i.embedder.EclipseLogger - Using 'UTF-8' encoding to copy filtered resources.
2017-10-09 23:33:51,660 [Worker-268] INFO  o.e.m.c.i.embedder.EclipseLogger - skip non existing resourceDirectory C:\Spring-boot\ldap-security\src\test\resources
2017-10-09 23:33:57,241 [Worker-269] INFO  o.e.m.c.i.e.AbstractTransferListenerAdapter - Downloading https://repo.maven.apache.org/maven2/org/springframework/security/spring-security-config/4.2.3.RELEASE/spring-security-config-4.2.3.RELEASE-sources.jar
2017-10-09 23:33:57,499 [Worker-269] INFO  o.e.m.c.i.e.AbstractTransferListenerAdapter - Downloaded https://repo.maven.apache.org/maven2/org/springframework/security/spring-security-config/4.2.3.RELEASE/spring-security-config-4.2.3.RELEASE-sources.jar
2017-10-09 23:33:57,949 [Worker-269] INFO  o.e.m.j.internal.DownloadSourcesJob - Downloaded sources for org.springframework.security:spring-security-config:4.2.3.RELEASE
2017-10-09 23:33:58,477 [Worker-269] INFO  o.e.m.c.i.embedder.EclipseLogger - Using 'UTF-8' encoding to copy filtered resources.
2017-10-09 23:33:58,483 [Worker-269] INFO  o.e.m.c.i.embedder.EclipseLogger - Copying 0 resource
2017-10-09 23:33:58,491 [Worker-269] INFO  o.e.m.c.i.embedder.EclipseLogger - Copying 0 resource
2017-10-09 23:33:58,494 [Worker-269] INFO  o.e.m.c.i.embedder.EclipseLogger - Using 'UTF-8' encoding to copy filtered resources.
2017-10-09 23:33:58,501 [Worker-269] INFO  o.e.m.c.i.embedder.EclipseLogger - skip non existing resourceDirectory C:\Spring-boot\ldap-security\src\test\resources
